Calling target program-options parser
[19:44:36.975] [bmv2] [D] [thread 5707] Set default default entry for table 'IngressImpl.process_int_source_headers.tb_int_source': NoAction - 
[19:44:36.975] [bmv2] [D] [thread 5707] Set default default entry for table 'IngressImpl.ipv4_lpm': NoAction - 
[19:44:36.976] [bmv2] [D] [thread 5707] Set default default entry for table 'tbl_Int_transit_egress_int_hop_cnt_decrement': EgressImpl.Int_transit_egress.int_hop_cnt_decrement - 
[19:44:36.976] [bmv2] [D] [thread 5707] Set default default entry for table 'EgressImpl.Int_transit_egress.int_prep': NoAction - 
[19:44:36.976] [bmv2] [D] [thread 5707] Set default default entry for table 'EgressImpl.Int_transit_egress.int_metadata_insert.int_inst_0003': EgressImpl.Int_transit_egress.int_metadata_insert.int_set_header_0003_i0 - 
[19:44:36.976] [bmv2] [D] [thread 5707] Set default default entry for table 'EgressImpl.Int_transit_egress.int_metadata_insert.int_inst_0407': EgressImpl.Int_transit_egress.int_metadata_insert.int_set_header_0407_i0 - 
[19:44:36.976] [bmv2] [D] [thread 5707] Set default default entry for table 'tbl_Int_transit_egress_int_outer_encap_int_update_ipv4': EgressImpl.Int_transit_egress.int_outer_encap.int_update_ipv4 - 
[19:44:36.976] [bmv2] [D] [thread 5707] Set default default entry for table 'tbl_Int_transit_egress_int_outer_encap_int_update_shim': EgressImpl.Int_transit_egress.int_outer_encap.int_update_shim - 
[19:44:36.976] [bmv2] [D] [thread 5707] Set default default entry for table 'tbl_Int_transit_egress_int_hop_cnt_exceeded': EgressImpl.Int_transit_egress.int_hop_cnt_exceeded - 
Adding interface s1-eth1 as port 1
[19:44:36.984] [bmv2] [D] [thread 5707] Adding interface s1-eth1 as port 1
[19:44:37.010] [bmv2] [I] [thread 5707] Starting Thrift server on port 9090
[19:44:37.010] [bmv2] [I] [thread 5707] Thrift server was started
[19:44:37.310] [bmv2] [D] [thread 5713] [0.0] [cxt 0] Processing packet received on port 1
[19:44:37.310] [bmv2] [D] [thread 5713] [0.0] [cxt 0] Parser 'parser': start
[19:44:37.310] [bmv2] [D] [thread 5713] [0.0] [cxt 0] Parser 'parser' entering state 'start'
[19:44:37.310] [bmv2] [D] [thread 5713] [0.0] [cxt 0] Extracting header 'ethernet'
[19:44:37.310] [bmv2] [D] [thread 5713] [0.0] [cxt 0] Parser state 'start': key is 86dd
[19:44:37.310] [bmv2] [T] [thread 5713] [0.0] [cxt 0] Bytes parsed: 14
[19:44:37.310] [bmv2] [T] [thread 5713] [0.0] [cxt 0] Skipping checksum 'cksum_0' verification because target field invalid
[19:44:37.310] [bmv2] [D] [thread 5713] [0.0] [cxt 0] Parser 'parser': end
[19:44:37.310] [bmv2] [D] [thread 5713] [0.0] [cxt 0] Pipeline 'ingress': start
[19:44:37.310] [bmv2] [T] [thread 5713] [0.0] [cxt 0] int_source.p4(121) Condition "standard_metadata.ingress_port==1 || standard_metadata.ingress_port==2" (node_2) is true
[19:44:37.310] [bmv2] [T] [thread 5713] [0.0] [cxt 0] Applying table 'IngressImpl.process_int_source_headers.tb_int_source'
[19:44:37.310] [bmv2] [D] [thread 5713] [0.0] [cxt 0] Looking up key:

[19:44:37.310] [bmv2] [D] [thread 5713] [0.0] [cxt 0] Table 'IngressImpl.process_int_source_headers.tb_int_source': miss
[19:44:37.310] [bmv2] [D] [thread 5713] [0.0] [cxt 0] Action entry is NoAction - 
[19:44:37.310] [bmv2] [T] [thread 5713] [0.0] [cxt 0] Action NoAction
[19:44:37.310] [bmv2] [T] [thread 5713] [0.0] [cxt 0] int_source.p4(127) Condition "hdr.ipv4.isValid()" (node_4) is false
[19:44:37.310] [bmv2] [D] [thread 5713] [0.0] [cxt 0] Pipeline 'ingress': end
[19:44:37.310] [bmv2] [D] [thread 5713] [0.0] [cxt 0] Egress port is 0
[19:44:37.310] [bmv2] [D] [thread 5714] [0.0] [cxt 0] Pipeline 'egress': start
[19:44:37.310] [bmv2] [T] [thread 5714] [0.0] [cxt 0] int_source.p4(136) Condition "standard_metadata.ingress_port==1 || standard_metadata.ingress_port==2" (node_8) is true
[19:44:37.310] [bmv2] [T] [thread 5714] [0.0] [cxt 0] int_transit_source_common.p4(307) Condition "hdr.int_header.isValid()" (node_9) is false
[19:44:37.310] [bmv2] [D] [thread 5714] [0.0] [cxt 0] Pipeline 'egress': end
[19:44:37.310] [bmv2] [D] [thread 5714] [0.0] [cxt 0] Deparser 'deparser': start
[19:44:37.310] [bmv2] [T] [thread 5714] [0.0] [cxt 0] Skipping checksum 'cksum' update because condition not met
[19:44:37.310] [bmv2] [D] [thread 5714] [0.0] [cxt 0] Deparsing header 'ethernet'
[19:44:37.310] [bmv2] [D] [thread 5714] [0.0] [cxt 0] Deparser 'deparser': end
[19:44:37.310] [bmv2] [D] [thread 5718] [0.0] [cxt 0] Transmitting packet of size 90 out of port 0
[19:44:37.926] [bmv2] [D] [thread 5713] [1.0] [cxt 0] Processing packet received on port 1
[19:44:37.926] [bmv2] [D] [thread 5713] [1.0] [cxt 0] Parser 'parser': start
[19:44:37.926] [bmv2] [D] [thread 5713] [1.0] [cxt 0] Parser 'parser' entering state 'start'
[19:44:37.926] [bmv2] [D] [thread 5713] [1.0] [cxt 0] Extracting header 'ethernet'
[19:44:37.926] [bmv2] [D] [thread 5713] [1.0] [cxt 0] Parser state 'start': key is 86dd
[19:44:37.926] [bmv2] [T] [thread 5713] [1.0] [cxt 0] Bytes parsed: 14
[19:44:37.926] [bmv2] [T] [thread 5713] [1.0] [cxt 0] Skipping checksum 'cksum_0' verification because target field invalid
[19:44:37.926] [bmv2] [D] [thread 5713] [1.0] [cxt 0] Parser 'parser': end
[19:44:37.926] [bmv2] [D] [thread 5713] [1.0] [cxt 0] Pipeline 'ingress': start
[19:44:37.926] [bmv2] [T] [thread 5713] [1.0] [cxt 0] int_source.p4(121) Condition "standard_metadata.ingress_port==1 || standard_metadata.ingress_port==2" (node_2) is true
[19:44:37.926] [bmv2] [T] [thread 5713] [1.0] [cxt 0] Applying table 'IngressImpl.process_int_source_headers.tb_int_source'
[19:44:37.926] [bmv2] [D] [thread 5713] [1.0] [cxt 0] Looking up key:

[19:44:37.926] [bmv2] [D] [thread 5713] [1.0] [cxt 0] Table 'IngressImpl.process_int_source_headers.tb_int_source': miss
[19:44:37.926] [bmv2] [D] [thread 5713] [1.0] [cxt 0] Action entry is NoAction - 
[19:44:37.926] [bmv2] [T] [thread 5713] [1.0] [cxt 0] Action NoAction
[19:44:37.926] [bmv2] [T] [thread 5713] [1.0] [cxt 0] int_source.p4(127) Condition "hdr.ipv4.isValid()" (node_4) is false
[19:44:37.926] [bmv2] [D] [thread 5713] [1.0] [cxt 0] Pipeline 'ingress': end
[19:44:37.926] [bmv2] [D] [thread 5713] [1.0] [cxt 0] Egress port is 0
[19:44:37.926] [bmv2] [D] [thread 5714] [1.0] [cxt 0] Pipeline 'egress': start
[19:44:37.927] [bmv2] [T] [thread 5714] [1.0] [cxt 0] int_source.p4(136) Condition "standard_metadata.ingress_port==1 || standard_metadata.ingress_port==2" (node_8) is true
[19:44:37.927] [bmv2] [T] [thread 5714] [1.0] [cxt 0] int_transit_source_common.p4(307) Condition "hdr.int_header.isValid()" (node_9) is false
[19:44:37.927] [bmv2] [D] [thread 5714] [1.0] [cxt 0] Pipeline 'egress': end
[19:44:37.927] [bmv2] [D] [thread 5713] [2.0] [cxt 0] Processing packet received on port 1
[19:44:37.927] [bmv2] [D] [thread 5714] [1.0] [cxt 0] Deparser 'deparser': start
[19:44:37.927] [bmv2] [D] [thread 5713] [2.0] [cxt 0] Parser 'parser': start
[19:44:37.927] [bmv2] [D] [thread 5713] [2.0] [cxt 0] Parser 'parser' entering state 'start'
[19:44:37.927] [bmv2] [T] [thread 5714] [1.0] [cxt 0] Skipping checksum 'cksum' update because condition not met
[19:44:37.927] [bmv2] [D] [thread 5713] [2.0] [cxt 0] Extracting header 'ethernet'
[19:44:37.927] [bmv2] [D] [thread 5714] [1.0] [cxt 0] Deparsing header 'ethernet'
[19:44:37.927] [bmv2] [D] [thread 5714] [1.0] [cxt 0] Deparser 'deparser': end
[19:44:37.927] [bmv2] [D] [thread 5713] [2.0] [cxt 0] Parser state 'start': key is 86dd
[19:44:37.927] [bmv2] [T] [thread 5713] [2.0] [cxt 0] Bytes parsed: 14
[19:44:37.927] [bmv2] [T] [thread 5713] [2.0] [cxt 0] Skipping checksum 'cksum_0' verification because target field invalid
[19:44:37.927] [bmv2] [D] [thread 5718] [1.0] [cxt 0] Transmitting packet of size 90 out of port 0
[19:44:37.927] [bmv2] [D] [thread 5713] [2.0] [cxt 0] Parser 'parser': end
[19:44:37.927] [bmv2] [D] [thread 5713] [2.0] [cxt 0] Pipeline 'ingress': start
[19:44:37.927] [bmv2] [T] [thread 5713] [2.0] [cxt 0] int_source.p4(121) Condition "standard_metadata.ingress_port==1 || standard_metadata.ingress_port==2" (node_2) is true
[19:44:37.927] [bmv2] [T] [thread 5713] [2.0] [cxt 0] Applying table 'IngressImpl.process_int_source_headers.tb_int_source'
[19:44:37.927] [bmv2] [D] [thread 5713] [2.0] [cxt 0] Looking up key:

[19:44:37.927] [bmv2] [D] [thread 5713] [2.0] [cxt 0] Table 'IngressImpl.process_int_source_headers.tb_int_source': miss
[19:44:37.927] [bmv2] [D] [thread 5713] [2.0] [cxt 0] Action entry is NoAction - 
[19:44:37.927] [bmv2] [T] [thread 5713] [2.0] [cxt 0] Action NoAction
[19:44:37.927] [bmv2] [T] [thread 5713] [2.0] [cxt 0] int_source.p4(127) Condition "hdr.ipv4.isValid()" (node_4) is false
[19:44:37.927] [bmv2] [D] [thread 5713] [2.0] [cxt 0] Pipeline 'ingress': end
[19:44:37.927] [bmv2] [D] [thread 5713] [2.0] [cxt 0] Egress port is 0
[19:44:37.927] [bmv2] [D] [thread 5714] [2.0] [cxt 0] Pipeline 'egress': start
[19:44:37.927] [bmv2] [T] [thread 5714] [2.0] [cxt 0] int_source.p4(136) Condition "standard_metadata.ingress_port==1 || standard_metadata.ingress_port==2" (node_8) is true
[19:44:37.927] [bmv2] [T] [thread 5714] [2.0] [cxt 0] int_transit_source_common.p4(307) Condition "hdr.int_header.isValid()" (node_9) is false
[19:44:37.927] [bmv2] [D] [thread 5714] [2.0] [cxt 0] Pipeline 'egress': end
[19:44:37.927] [bmv2] [D] [thread 5714] [2.0] [cxt 0] Deparser 'deparser': start
[19:44:37.927] [bmv2] [T] [thread 5714] [2.0] [cxt 0] Skipping checksum 'cksum' update because condition not met
[19:44:37.927] [bmv2] [D] [thread 5714] [2.0] [cxt 0] Deparsing header 'ethernet'
[19:44:37.927] [bmv2] [D] [thread 5714] [2.0] [cxt 0] Deparser 'deparser': end
[19:44:37.927] [bmv2] [D] [thread 5718] [2.0] [cxt 0] Transmitting packet of size 70 out of port 0
[19:44:37.933] [bmv2] [D] [thread 5713] [3.0] [cxt 0] Processing packet received on port 1
[19:44:37.933] [bmv2] [D] [thread 5713] [3.0] [cxt 0] Parser 'parser': start
[19:44:37.933] [bmv2] [D] [thread 5713] [3.0] [cxt 0] Parser 'parser' entering state 'start'
[19:44:37.933] [bmv2] [D] [thread 5713] [3.0] [cxt 0] Extracting header 'ethernet'
[19:44:37.933] [bmv2] [D] [thread 5713] [3.0] [cxt 0] Parser state 'start': key is 86dd
[19:44:37.933] [bmv2] [T] [thread 5713] [3.0] [cxt 0] Bytes parsed: 14
[19:44:37.933] [bmv2] [T] [thread 5713] [3.0] [cxt 0] Skipping checksum 'cksum_0' verification because target field invalid
[19:44:37.933] [bmv2] [D] [thread 5713] [3.0] [cxt 0] Parser 'parser': end
[19:44:37.933] [bmv2] [D] [thread 5713] [3.0] [cxt 0] Pipeline 'ingress': start
[19:44:37.933] [bmv2] [T] [thread 5713] [3.0] [cxt 0] int_source.p4(121) Condition "standard_metadata.ingress_port==1 || standard_metadata.ingress_port==2" (node_2) is true
[19:44:37.933] [bmv2] [T] [thread 5713] [3.0] [cxt 0] Applying table 'IngressImpl.process_int_source_headers.tb_int_source'
[19:44:37.934] [bmv2] [D] [thread 5713] [3.0] [cxt 0] Looking up key:

[19:44:37.934] [bmv2] [D] [thread 5713] [3.0] [cxt 0] Table 'IngressImpl.process_int_source_headers.tb_int_source': miss
[19:44:37.934] [bmv2] [D] [thread 5713] [3.0] [cxt 0] Action entry is NoAction - 
[19:44:37.934] [bmv2] [T] [thread 5713] [3.0] [cxt 0] Action NoAction
[19:44:37.934] [bmv2] [T] [thread 5713] [3.0] [cxt 0] int_source.p4(127) Condition "hdr.ipv4.isValid()" (node_4) is false
[19:44:37.934] [bmv2] [D] [thread 5713] [3.0] [cxt 0] Pipeline 'ingress': end
[19:44:37.934] [bmv2] [D] [thread 5713] [3.0] [cxt 0] Egress port is 0
[19:44:37.934] [bmv2] [D] [thread 5714] [3.0] [cxt 0] Pipeline 'egress': start
[19:44:37.934] [bmv2] [T] [thread 5714] [3.0] [cxt 0] int_source.p4(136) Condition "standard_metadata.ingress_port==1 || standard_metadata.ingress_port==2" (node_8) is true
[19:44:37.934] [bmv2] [T] [thread 5714] [3.0] [cxt 0] int_transit_source_common.p4(307) Condition "hdr.int_header.isValid()" (node_9) is false
[19:44:37.934] [bmv2] [D] [thread 5714] [3.0] [cxt 0] Pipeline 'egress': end
[19:44:37.934] [bmv2] [D] [thread 5714] [3.0] [cxt 0] Deparser 'deparser': start
[19:44:37.934] [bmv2] [T] [thread 5714] [3.0] [cxt 0] Skipping checksum 'cksum' update because condition not met
[19:44:37.934] [bmv2] [D] [thread 5714] [3.0] [cxt 0] Deparsing header 'ethernet'
[19:44:37.934] [bmv2] [D] [thread 5714] [3.0] [cxt 0] Deparser 'deparser': end
[19:44:37.934] [bmv2] [D] [thread 5718] [3.0] [cxt 0] Transmitting packet of size 90 out of port 0
[19:44:38.026] [bmv2] [D] [thread 5713] [4.0] [cxt 0] Processing packet received on port 1
[19:44:38.026] [bmv2] [D] [thread 5713] [4.0] [cxt 0] Parser 'parser': start
[19:44:38.026] [bmv2] [D] [thread 5713] [4.0] [cxt 0] Parser 'parser' entering state 'start'
[19:44:38.026] [bmv2] [D] [thread 5713] [4.0] [cxt 0] Extracting header 'ethernet'
[19:44:38.026] [bmv2] [D] [thread 5713] [4.0] [cxt 0] Parser state 'start': key is 86dd
[19:44:38.026] [bmv2] [T] [thread 5713] [4.0] [cxt 0] Bytes parsed: 14
[19:44:38.026] [bmv2] [T] [thread 5713] [4.0] [cxt 0] Skipping checksum 'cksum_0' verification because target field invalid
[19:44:38.026] [bmv2] [D] [thread 5713] [4.0] [cxt 0] Parser 'parser': end
[19:44:38.026] [bmv2] [D] [thread 5713] [4.0] [cxt 0] Pipeline 'ingress': start
[19:44:38.026] [bmv2] [T] [thread 5713] [4.0] [cxt 0] int_source.p4(121) Condition "standard_metadata.ingress_port==1 || standard_metadata.ingress_port==2" (node_2) is true
[19:44:38.026] [bmv2] [T] [thread 5713] [4.0] [cxt 0] Applying table 'IngressImpl.process_int_source_headers.tb_int_source'
[19:44:38.026] [bmv2] [D] [thread 5713] [4.0] [cxt 0] Looking up key:

[19:44:38.026] [bmv2] [D] [thread 5713] [4.0] [cxt 0] Table 'IngressImpl.process_int_source_headers.tb_int_source': miss
[19:44:38.026] [bmv2] [D] [thread 5713] [4.0] [cxt 0] Action entry is NoAction - 
[19:44:38.026] [bmv2] [T] [thread 5713] [4.0] [cxt 0] Action NoAction
[19:44:38.026] [bmv2] [T] [thread 5713] [4.0] [cxt 0] int_source.p4(127) Condition "hdr.ipv4.isValid()" (node_4) is false
[19:44:38.026] [bmv2] [D] [thread 5713] [4.0] [cxt 0] Pipeline 'ingress': end
[19:44:38.026] [bmv2] [D] [thread 5713] [4.0] [cxt 0] Egress port is 0
[19:44:38.026] [bmv2] [D] [thread 5714] [4.0] [cxt 0] Pipeline 'egress': start
[19:44:38.026] [bmv2] [T] [thread 5714] [4.0] [cxt 0] int_source.p4(136) Condition "standard_metadata.ingress_port==1 || standard_metadata.ingress_port==2" (node_8) is true
[19:44:38.026] [bmv2] [T] [thread 5714] [4.0] [cxt 0] int_transit_source_common.p4(307) Condition "hdr.int_header.isValid()" (node_9) is false
[19:44:38.026] [bmv2] [D] [thread 5714] [4.0] [cxt 0] Pipeline 'egress': end
[19:44:38.026] [bmv2] [D] [thread 5714] [4.0] [cxt 0] Deparser 'deparser': start
[19:44:38.026] [bmv2] [T] [thread 5714] [4.0] [cxt 0] Skipping checksum 'cksum' update because condition not met
[19:44:38.026] [bmv2] [D] [thread 5714] [4.0] [cxt 0] Deparsing header 'ethernet'
[19:44:38.026] [bmv2] [D] [thread 5714] [4.0] [cxt 0] Deparser 'deparser': end
[19:44:38.026] [bmv2] [D] [thread 5718] [4.0] [cxt 0] Transmitting packet of size 203 out of port 0
[19:44:38.080] [bmv2] [D] [thread 5713] [5.0] [cxt 0] Processing packet received on port 1
[19:44:38.080] [bmv2] [D] [thread 5713] [5.0] [cxt 0] Parser 'parser': start
[19:44:38.080] [bmv2] [D] [thread 5713] [5.0] [cxt 0] Parser 'parser' entering state 'start'
[19:44:38.080] [bmv2] [D] [thread 5713] [5.0] [cxt 0] Extracting header 'ethernet'
[19:44:38.080] [bmv2] [D] [thread 5713] [5.0] [cxt 0] Parser state 'start': key is 86dd
[19:44:38.080] [bmv2] [T] [thread 5713] [5.0] [cxt 0] Bytes parsed: 14
[19:44:38.080] [bmv2] [T] [thread 5713] [5.0] [cxt 0] Skipping checksum 'cksum_0' verification because target field invalid
[19:44:38.080] [bmv2] [D] [thread 5713] [5.0] [cxt 0] Parser 'parser': end
[19:44:38.080] [bmv2] [D] [thread 5713] [5.0] [cxt 0] Pipeline 'ingress': start
[19:44:38.080] [bmv2] [T] [thread 5713] [5.0] [cxt 0] int_source.p4(121) Condition "standard_metadata.ingress_port==1 || standard_metadata.ingress_port==2" (node_2) is true
[19:44:38.080] [bmv2] [T] [thread 5713] [5.0] [cxt 0] Applying table 'IngressImpl.process_int_source_headers.tb_int_source'
[19:44:38.080] [bmv2] [D] [thread 5713] [5.0] [cxt 0] Looking up key:

[19:44:38.080] [bmv2] [D] [thread 5713] [5.0] [cxt 0] Table 'IngressImpl.process_int_source_headers.tb_int_source': miss
[19:44:38.080] [bmv2] [D] [thread 5713] [5.0] [cxt 0] Action entry is NoAction - 
[19:44:38.080] [bmv2] [T] [thread 5713] [5.0] [cxt 0] Action NoAction
[19:44:38.080] [bmv2] [T] [thread 5713] [5.0] [cxt 0] int_source.p4(127) Condition "hdr.ipv4.isValid()" (node_4) is false
[19:44:38.080] [bmv2] [D] [thread 5713] [5.0] [cxt 0] Pipeline 'ingress': end
[19:44:38.080] [bmv2] [D] [thread 5713] [5.0] [cxt 0] Egress port is 0
[19:44:38.080] [bmv2] [D] [thread 5714] [5.0] [cxt 0] Pipeline 'egress': start
[19:44:38.080] [bmv2] [T] [thread 5714] [5.0] [cxt 0] int_source.p4(136) Condition "standard_metadata.ingress_port==1 || standard_metadata.ingress_port==2" (node_8) is true
[19:44:38.080] [bmv2] [T] [thread 5714] [5.0] [cxt 0] int_transit_source_common.p4(307) Condition "hdr.int_header.isValid()" (node_9) is false
[19:44:38.080] [bmv2] [D] [thread 5714] [5.0] [cxt 0] Pipeline 'egress': end
[19:44:38.080] [bmv2] [D] [thread 5714] [5.0] [cxt 0] Deparser 'deparser': start
[19:44:38.080] [bmv2] [T] [thread 5714] [5.0] [cxt 0] Skipping checksum 'cksum' update because condition not met
[19:44:38.080] [bmv2] [D] [thread 5714] [5.0] [cxt 0] Deparsing header 'ethernet'
[19:44:38.080] [bmv2] [D] [thread 5714] [5.0] [cxt 0] Deparser 'deparser': end
[19:44:38.080] [bmv2] [D] [thread 5718] [5.0] [cxt 0] Transmitting packet of size 214 out of port 0
[19:44:38.332] [bmv2] [D] [thread 5713] [6.0] [cxt 0] Processing packet received on port 1
[19:44:38.332] [bmv2] [D] [thread 5713] [6.0] [cxt 0] Parser 'parser': start
[19:44:38.332] [bmv2] [D] [thread 5713] [6.0] [cxt 0] Parser 'parser' entering state 'start'
[19:44:38.332] [bmv2] [D] [thread 5713] [6.0] [cxt 0] Extracting header 'ethernet'
[19:44:38.332] [bmv2] [D] [thread 5713] [6.0] [cxt 0] Parser state 'start': key is 86dd
[19:44:38.332] [bmv2] [T] [thread 5713] [6.0] [cxt 0] Bytes parsed: 14
[19:44:38.332] [bmv2] [T] [thread 5713] [6.0] [cxt 0] Skipping checksum 'cksum_0' verification because target field invalid
[19:44:38.332] [bmv2] [D] [thread 5713] [6.0] [cxt 0] Parser 'parser': end
[19:44:38.332] [bmv2] [D] [thread 5713] [6.0] [cxt 0] Pipeline 'ingress': start
[19:44:38.332] [bmv2] [T] [thread 5713] [6.0] [cxt 0] int_source.p4(121) Condition "standard_metadata.ingress_port==1 || standard_metadata.ingress_port==2" (node_2) is true
[19:44:38.332] [bmv2] [T] [thread 5713] [6.0] [cxt 0] Applying table 'IngressImpl.process_int_source_headers.tb_int_source'
[19:44:38.332] [bmv2] [D] [thread 5713] [6.0] [cxt 0] Looking up key:

[19:44:38.332] [bmv2] [D] [thread 5713] [6.0] [cxt 0] Table 'IngressImpl.process_int_source_headers.tb_int_source': miss
[19:44:38.332] [bmv2] [D] [thread 5713] [6.0] [cxt 0] Action entry is NoAction - 
[19:44:38.332] [bmv2] [T] [thread 5713] [6.0] [cxt 0] Action NoAction
[19:44:38.332] [bmv2] [T] [thread 5713] [6.0] [cxt 0] int_source.p4(127) Condition "hdr.ipv4.isValid()" (node_4) is false
[19:44:38.332] [bmv2] [D] [thread 5713] [6.0] [cxt 0] Pipeline 'ingress': end
[19:44:38.332] [bmv2] [D] [thread 5713] [6.0] [cxt 0] Egress port is 0
[19:44:38.332] [bmv2] [D] [thread 5714] [6.0] [cxt 0] Pipeline 'egress': start
[19:44:38.332] [bmv2] [T] [thread 5714] [6.0] [cxt 0] int_source.p4(136) Condition "standard_metadata.ingress_port==1 || standard_metadata.ingress_port==2" (node_8) is true
[19:44:38.332] [bmv2] [T] [thread 5714] [6.0] [cxt 0] int_transit_source_common.p4(307) Condition "hdr.int_header.isValid()" (node_9) is false
[19:44:38.332] [bmv2] [D] [thread 5714] [6.0] [cxt 0] Pipeline 'egress': end
[19:44:38.332] [bmv2] [D] [thread 5714] [6.0] [cxt 0] Deparser 'deparser': start
[19:44:38.332] [bmv2] [T] [thread 5714] [6.0] [cxt 0] Skipping checksum 'cksum' update because condition not met
[19:44:38.332] [bmv2] [D] [thread 5714] [6.0] [cxt 0] Deparsing header 'ethernet'
[19:44:38.332] [bmv2] [D] [thread 5714] [6.0] [cxt 0] Deparser 'deparser': end
[19:44:38.332] [bmv2] [D] [thread 5718] [6.0] [cxt 0] Transmitting packet of size 214 out of port 0
[19:44:38.582] [bmv2] [D] [thread 5713] [7.0] [cxt 0] Processing packet received on port 1
[19:44:38.582] [bmv2] [D] [thread 5713] [7.0] [cxt 0] Parser 'parser': start
[19:44:38.582] [bmv2] [D] [thread 5713] [7.0] [cxt 0] Parser 'parser' entering state 'start'
[19:44:38.582] [bmv2] [D] [thread 5713] [7.0] [cxt 0] Extracting header 'ethernet'
[19:44:38.582] [bmv2] [D] [thread 5713] [7.0] [cxt 0] Parser state 'start': key is 86dd
[19:44:38.582] [bmv2] [T] [thread 5713] [7.0] [cxt 0] Bytes parsed: 14
[19:44:38.582] [bmv2] [T] [thread 5713] [7.0] [cxt 0] Skipping checksum 'cksum_0' verification because target field invalid
[19:44:38.582] [bmv2] [D] [thread 5713] [7.0] [cxt 0] Parser 'parser': end
[19:44:38.582] [bmv2] [D] [thread 5713] [7.0] [cxt 0] Pipeline 'ingress': start
[19:44:38.582] [bmv2] [T] [thread 5713] [7.0] [cxt 0] int_source.p4(121) Condition "standard_metadata.ingress_port==1 || standard_metadata.ingress_port==2" (node_2) is true
[19:44:38.582] [bmv2] [T] [thread 5713] [7.0] [cxt 0] Applying table 'IngressImpl.process_int_source_headers.tb_int_source'
[19:44:38.582] [bmv2] [D] [thread 5713] [7.0] [cxt 0] Looking up key:

[19:44:38.582] [bmv2] [D] [thread 5713] [7.0] [cxt 0] Table 'IngressImpl.process_int_source_headers.tb_int_source': miss
[19:44:38.582] [bmv2] [D] [thread 5713] [7.0] [cxt 0] Action entry is NoAction - 
[19:44:38.582] [bmv2] [T] [thread 5713] [7.0] [cxt 0] Action NoAction
[19:44:38.582] [bmv2] [T] [thread 5713] [7.0] [cxt 0] int_source.p4(127) Condition "hdr.ipv4.isValid()" (node_4) is false
[19:44:38.582] [bmv2] [D] [thread 5713] [7.0] [cxt 0] Pipeline 'ingress': end
[19:44:38.582] [bmv2] [D] [thread 5713] [7.0] [cxt 0] Egress port is 0
[19:44:38.582] [bmv2] [D] [thread 5714] [7.0] [cxt 0] Pipeline 'egress': start
[19:44:38.582] [bmv2] [T] [thread 5714] [7.0] [cxt 0] int_source.p4(136) Condition "standard_metadata.ingress_port==1 || standard_metadata.ingress_port==2" (node_8) is true
[19:44:38.582] [bmv2] [T] [thread 5714] [7.0] [cxt 0] int_transit_source_common.p4(307) Condition "hdr.int_header.isValid()" (node_9) is false
[19:44:38.582] [bmv2] [D] [thread 5714] [7.0] [cxt 0] Pipeline 'egress': end
[19:44:38.582] [bmv2] [D] [thread 5714] [7.0] [cxt 0] Deparser 'deparser': start
[19:44:38.582] [bmv2] [T] [thread 5714] [7.0] [cxt 0] Skipping checksum 'cksum' update because condition not met
[19:44:38.582] [bmv2] [D] [thread 5714] [7.0] [cxt 0] Deparsing header 'ethernet'
[19:44:38.582] [bmv2] [D] [thread 5714] [7.0] [cxt 0] Deparser 'deparser': end
[19:44:38.582] [bmv2] [D] [thread 5718] [7.0] [cxt 0] Transmitting packet of size 214 out of port 0
[19:44:38.661] [bmv2] [D] [thread 5713] [8.0] [cxt 0] Processing packet received on port 1
[19:44:38.661] [bmv2] [D] [thread 5713] [8.0] [cxt 0] Parser 'parser': start
[19:44:38.661] [bmv2] [D] [thread 5713] [8.0] [cxt 0] Parser 'parser' entering state 'start'
[19:44:38.661] [bmv2] [D] [thread 5713] [8.0] [cxt 0] Extracting header 'ethernet'
[19:44:38.661] [bmv2] [D] [thread 5713] [8.0] [cxt 0] Parser state 'start': key is 86dd
[19:44:38.661] [bmv2] [T] [thread 5713] [8.0] [cxt 0] Bytes parsed: 14
[19:44:38.661] [bmv2] [T] [thread 5713] [8.0] [cxt 0] Skipping checksum 'cksum_0' verification because target field invalid
[19:44:38.661] [bmv2] [D] [thread 5713] [8.0] [cxt 0] Parser 'parser': end
[19:44:38.661] [bmv2] [D] [thread 5713] [8.0] [cxt 0] Pipeline 'ingress': start
[19:44:38.661] [bmv2] [T] [thread 5713] [8.0] [cxt 0] int_source.p4(121) Condition "standard_metadata.ingress_port==1 || standard_metadata.ingress_port==2" (node_2) is true
[19:44:38.661] [bmv2] [T] [thread 5713] [8.0] [cxt 0] Applying table 'IngressImpl.process_int_source_headers.tb_int_source'
[19:44:38.661] [bmv2] [D] [thread 5713] [8.0] [cxt 0] Looking up key:

[19:44:38.661] [bmv2] [D] [thread 5713] [8.0] [cxt 0] Table 'IngressImpl.process_int_source_headers.tb_int_source': miss
[19:44:38.661] [bmv2] [D] [thread 5713] [8.0] [cxt 0] Action entry is NoAction - 
[19:44:38.661] [bmv2] [T] [thread 5713] [8.0] [cxt 0] Action NoAction
[19:44:38.661] [bmv2] [T] [thread 5713] [8.0] [cxt 0] int_source.p4(127) Condition "hdr.ipv4.isValid()" (node_4) is false
[19:44:38.661] [bmv2] [D] [thread 5713] [8.0] [cxt 0] Pipeline 'ingress': end
[19:44:38.661] [bmv2] [D] [thread 5713] [8.0] [cxt 0] Egress port is 0
[19:44:38.662] [bmv2] [D] [thread 5714] [8.0] [cxt 0] Pipeline 'egress': start
[19:44:38.662] [bmv2] [T] [thread 5714] [8.0] [cxt 0] int_source.p4(136) Condition "standard_metadata.ingress_port==1 || standard_metadata.ingress_port==2" (node_8) is true
[19:44:38.662] [bmv2] [T] [thread 5714] [8.0] [cxt 0] int_transit_source_common.p4(307) Condition "hdr.int_header.isValid()" (node_9) is false
[19:44:38.662] [bmv2] [D] [thread 5714] [8.0] [cxt 0] Pipeline 'egress': end
[19:44:38.662] [bmv2] [D] [thread 5714] [8.0] [cxt 0] Deparser 'deparser': start
[19:44:38.662] [bmv2] [T] [thread 5714] [8.0] [cxt 0] Skipping checksum 'cksum' update because condition not met
[19:44:38.662] [bmv2] [D] [thread 5714] [8.0] [cxt 0] Deparsing header 'ethernet'
[19:44:38.662] [bmv2] [D] [thread 5714] [8.0] [cxt 0] Deparser 'deparser': end
[19:44:38.662] [bmv2] [D] [thread 5718] [8.0] [cxt 0] Transmitting packet of size 110 out of port 0
[19:44:38.782] [bmv2] [D] [thread 5713] [9.0] [cxt 0] Processing packet received on port 1
[19:44:38.782] [bmv2] [D] [thread 5713] [9.0] [cxt 0] Parser 'parser': start
[19:44:38.782] [bmv2] [D] [thread 5713] [9.0] [cxt 0] Parser 'parser' entering state 'start'
[19:44:38.782] [bmv2] [D] [thread 5713] [9.0] [cxt 0] Extracting header 'ethernet'
[19:44:38.782] [bmv2] [D] [thread 5713] [9.0] [cxt 0] Parser state 'start': key is 86dd
[19:44:38.782] [bmv2] [T] [thread 5713] [9.0] [cxt 0] Bytes parsed: 14
[19:44:38.782] [bmv2] [T] [thread 5713] [9.0] [cxt 0] Skipping checksum 'cksum_0' verification because target field invalid
[19:44:38.782] [bmv2] [D] [thread 5713] [9.0] [cxt 0] Parser 'parser': end
[19:44:38.782] [bmv2] [D] [thread 5713] [9.0] [cxt 0] Pipeline 'ingress': start
[19:44:38.782] [bmv2] [T] [thread 5713] [9.0] [cxt 0] int_source.p4(121) Condition "standard_metadata.ingress_port==1 || standard_metadata.ingress_port==2" (node_2) is true
[19:44:38.782] [bmv2] [T] [thread 5713] [9.0] [cxt 0] Applying table 'IngressImpl.process_int_source_headers.tb_int_source'
[19:44:38.782] [bmv2] [D] [thread 5713] [9.0] [cxt 0] Looking up key:

[19:44:38.782] [bmv2] [D] [thread 5713] [9.0] [cxt 0] Table 'IngressImpl.process_int_source_headers.tb_int_source': miss
[19:44:38.782] [bmv2] [D] [thread 5713] [9.0] [cxt 0] Action entry is NoAction - 
[19:44:38.782] [bmv2] [T] [thread 5713] [9.0] [cxt 0] Action NoAction
[19:44:38.782] [bmv2] [T] [thread 5713] [9.0] [cxt 0] int_source.p4(127) Condition "hdr.ipv4.isValid()" (node_4) is false
[19:44:38.782] [bmv2] [D] [thread 5713] [9.0] [cxt 0] Pipeline 'ingress': end
[19:44:38.782] [bmv2] [D] [thread 5713] [9.0] [cxt 0] Egress port is 0
[19:44:38.782] [bmv2] [D] [thread 5714] [9.0] [cxt 0] Pipeline 'egress': start
[19:44:38.782] [bmv2] [T] [thread 5714] [9.0] [cxt 0] int_source.p4(136) Condition "standard_metadata.ingress_port==1 || standard_metadata.ingress_port==2" (node_8) is true
[19:44:38.782] [bmv2] [T] [thread 5714] [9.0] [cxt 0] int_transit_source_common.p4(307) Condition "hdr.int_header.isValid()" (node_9) is false
[19:44:38.782] [bmv2] [D] [thread 5714] [9.0] [cxt 0] Pipeline 'egress': end
[19:44:38.782] [bmv2] [D] [thread 5714] [9.0] [cxt 0] Deparser 'deparser': start
[19:44:38.782] [bmv2] [T] [thread 5714] [9.0] [cxt 0] Skipping checksum 'cksum' update because condition not met
[19:44:38.782] [bmv2] [D] [thread 5714] [9.0] [cxt 0] Deparsing header 'ethernet'
[19:44:38.782] [bmv2] [D] [thread 5714] [9.0] [cxt 0] Deparser 'deparser': end
[19:44:38.782] [bmv2] [D] [thread 5718] [9.0] [cxt 0] Transmitting packet of size 202 out of port 0
[19:44:38.805] [bmv2] [D] [thread 5713] [10.0] [cxt 0] Processing packet received on port 1
[19:44:38.805] [bmv2] [D] [thread 5713] [10.0] [cxt 0] Parser 'parser': start
[19:44:38.805] [bmv2] [D] [thread 5713] [10.0] [cxt 0] Parser 'parser' entering state 'start'
[19:44:38.805] [bmv2] [D] [thread 5713] [10.0] [cxt 0] Extracting header 'ethernet'
[19:44:38.805] [bmv2] [D] [thread 5713] [10.0] [cxt 0] Parser state 'start': key is 86dd
[19:44:38.805] [bmv2] [T] [thread 5713] [10.0] [cxt 0] Bytes parsed: 14
[19:44:38.805] [bmv2] [T] [thread 5713] [10.0] [cxt 0] Skipping checksum 'cksum_0' verification because target field invalid
[19:44:38.805] [bmv2] [D] [thread 5713] [10.0] [cxt 0] Parser 'parser': end
[19:44:38.805] [bmv2] [D] [thread 5713] [10.0] [cxt 0] Pipeline 'ingress': start
[19:44:38.805] [bmv2] [T] [thread 5713] [10.0] [cxt 0] int_source.p4(121) Condition "standard_metadata.ingress_port==1 || standard_metadata.ingress_port==2" (node_2) is true
[19:44:38.805] [bmv2] [T] [thread 5713] [10.0] [cxt 0] Applying table 'IngressImpl.process_int_source_headers.tb_int_source'
[19:44:38.805] [bmv2] [D] [thread 5713] [10.0] [cxt 0] Looking up key:

[19:44:38.805] [bmv2] [D] [thread 5713] [10.0] [cxt 0] Table 'IngressImpl.process_int_source_headers.tb_int_source': miss
[19:44:38.805] [bmv2] [D] [thread 5713] [10.0] [cxt 0] Action entry is NoAction - 
[19:44:38.805] [bmv2] [T] [thread 5713] [10.0] [cxt 0] Action NoAction
[19:44:38.805] [bmv2] [T] [thread 5713] [10.0] [cxt 0] int_source.p4(127) Condition "hdr.ipv4.isValid()" (node_4) is false
[19:44:38.805] [bmv2] [D] [thread 5713] [10.0] [cxt 0] Pipeline 'ingress': end
[19:44:38.805] [bmv2] [D] [thread 5713] [10.0] [cxt 0] Egress port is 0
[19:44:38.805] [bmv2] [D] [thread 5714] [10.0] [cxt 0] Pipeline 'egress': start
[19:44:38.805] [bmv2] [T] [thread 5714] [10.0] [cxt 0] int_source.p4(136) Condition "standard_metadata.ingress_port==1 || standard_metadata.ingress_port==2" (node_8) is true
[19:44:38.805] [bmv2] [T] [thread 5714] [10.0] [cxt 0] int_transit_source_common.p4(307) Condition "hdr.int_header.isValid()" (node_9) is false
[19:44:38.805] [bmv2] [D] [thread 5714] [10.0] [cxt 0] Pipeline 'egress': end
[19:44:38.805] [bmv2] [D] [thread 5714] [10.0] [cxt 0] Deparser 'deparser': start
[19:44:38.805] [bmv2] [T] [thread 5714] [10.0] [cxt 0] Skipping checksum 'cksum' update because condition not met
[19:44:38.805] [bmv2] [D] [thread 5714] [10.0] [cxt 0] Deparsing header 'ethernet'
[19:44:38.805] [bmv2] [D] [thread 5714] [10.0] [cxt 0] Deparser 'deparser': end
[19:44:38.805] [bmv2] [D] [thread 5718] [10.0] [cxt 0] Transmitting packet of size 90 out of port 0
[19:44:39.028] [bmv2] [D] [thread 5713] [11.0] [cxt 0] Processing packet received on port 1
[19:44:39.028] [bmv2] [D] [thread 5713] [11.0] [cxt 0] Parser 'parser': start
[19:44:39.028] [bmv2] [D] [thread 5713] [11.0] [cxt 0] Parser 'parser' entering state 'start'
[19:44:39.028] [bmv2] [D] [thread 5713] [11.0] [cxt 0] Extracting header 'ethernet'
[19:44:39.028] [bmv2] [D] [thread 5713] [11.0] [cxt 0] Parser state 'start': key is 86dd
[19:44:39.028] [bmv2] [T] [thread 5713] [11.0] [cxt 0] Bytes parsed: 14
[19:44:39.028] [bmv2] [T] [thread 5713] [11.0] [cxt 0] Skipping checksum 'cksum_0' verification because target field invalid
[19:44:39.028] [bmv2] [D] [thread 5713] [11.0] [cxt 0] Parser 'parser': end
[19:44:39.028] [bmv2] [D] [thread 5713] [11.0] [cxt 0] Pipeline 'ingress': start
[19:44:39.028] [bmv2] [T] [thread 5713] [11.0] [cxt 0] int_source.p4(121) Condition "standard_metadata.ingress_port==1 || standard_metadata.ingress_port==2" (node_2) is true
[19:44:39.028] [bmv2] [T] [thread 5713] [11.0] [cxt 0] Applying table 'IngressImpl.process_int_source_headers.tb_int_source'
[19:44:39.028] [bmv2] [D] [thread 5713] [11.0] [cxt 0] Looking up key:

[19:44:39.028] [bmv2] [D] [thread 5713] [11.0] [cxt 0] Table 'IngressImpl.process_int_source_headers.tb_int_source': miss
[19:44:39.029] [bmv2] [D] [thread 5713] [11.0] [cxt 0] Action entry is NoAction - 
[19:44:39.029] [bmv2] [T] [thread 5713] [11.0] [cxt 0] Action NoAction
[19:44:39.029] [bmv2] [T] [thread 5713] [11.0] [cxt 0] int_source.p4(127) Condition "hdr.ipv4.isValid()" (node_4) is false
[19:44:39.029] [bmv2] [D] [thread 5713] [11.0] [cxt 0] Pipeline 'ingress': end
[19:44:39.029] [bmv2] [D] [thread 5713] [11.0] [cxt 0] Egress port is 0
[19:44:39.029] [bmv2] [D] [thread 5714] [11.0] [cxt 0] Pipeline 'egress': start
[19:44:39.029] [bmv2] [T] [thread 5714] [11.0] [cxt 0] int_source.p4(136) Condition "standard_metadata.ingress_port==1 || standard_metadata.ingress_port==2" (node_8) is true
[19:44:39.029] [bmv2] [T] [thread 5714] [11.0] [cxt 0] int_transit_source_common.p4(307) Condition "hdr.int_header.isValid()" (node_9) is false
[19:44:39.029] [bmv2] [D] [thread 5714] [11.0] [cxt 0] Pipeline 'egress': end
[19:44:39.029] [bmv2] [D] [thread 5714] [11.0] [cxt 0] Deparser 'deparser': start
[19:44:39.029] [bmv2] [T] [thread 5714] [11.0] [cxt 0] Skipping checksum 'cksum' update because condition not met
[19:44:39.029] [bmv2] [D] [thread 5714] [11.0] [cxt 0] Deparsing header 'ethernet'
[19:44:39.029] [bmv2] [D] [thread 5714] [11.0] [cxt 0] Deparser 'deparser': end
[19:44:39.029] [bmv2] [D] [thread 5718] [11.0] [cxt 0] Transmitting packet of size 203 out of port 0
[19:44:39.886] [bmv2] [D] [thread 5713] [12.0] [cxt 0] Processing packet received on port 1
[19:44:39.886] [bmv2] [D] [thread 5713] [12.0] [cxt 0] Parser 'parser': start
[19:44:39.886] [bmv2] [D] [thread 5713] [12.0] [cxt 0] Parser 'parser' entering state 'start'
[19:44:39.886] [bmv2] [D] [thread 5713] [12.0] [cxt 0] Extracting header 'ethernet'
[19:44:39.886] [bmv2] [D] [thread 5713] [12.0] [cxt 0] Parser state 'start': key is 86dd
[19:44:39.886] [bmv2] [T] [thread 5713] [12.0] [cxt 0] Bytes parsed: 14
[19:44:39.886] [bmv2] [T] [thread 5713] [12.0] [cxt 0] Skipping checksum 'cksum_0' verification because target field invalid
[19:44:39.886] [bmv2] [D] [thread 5713] [12.0] [cxt 0] Parser 'parser': end
[19:44:39.886] [bmv2] [D] [thread 5713] [12.0] [cxt 0] Pipeline 'ingress': start
[19:44:39.886] [bmv2] [T] [thread 5713] [12.0] [cxt 0] int_source.p4(121) Condition "standard_metadata.ingress_port==1 || standard_metadata.ingress_port==2" (node_2) is true
[19:44:39.886] [bmv2] [T] [thread 5713] [12.0] [cxt 0] Applying table 'IngressImpl.process_int_source_headers.tb_int_source'
[19:44:39.886] [bmv2] [D] [thread 5713] [12.0] [cxt 0] Looking up key:

[19:44:39.886] [bmv2] [D] [thread 5713] [12.0] [cxt 0] Table 'IngressImpl.process_int_source_headers.tb_int_source': miss
[19:44:39.886] [bmv2] [D] [thread 5713] [12.0] [cxt 0] Action entry is NoAction - 
[19:44:39.886] [bmv2] [T] [thread 5713] [12.0] [cxt 0] Action NoAction
[19:44:39.886] [bmv2] [T] [thread 5713] [12.0] [cxt 0] int_source.p4(127) Condition "hdr.ipv4.isValid()" (node_4) is false
[19:44:39.886] [bmv2] [D] [thread 5713] [12.0] [cxt 0] Pipeline 'ingress': end
[19:44:39.886] [bmv2] [D] [thread 5713] [12.0] [cxt 0] Egress port is 0
[19:44:39.886] [bmv2] [D] [thread 5714] [12.0] [cxt 0] Pipeline 'egress': start
[19:44:39.886] [bmv2] [T] [thread 5714] [12.0] [cxt 0] int_source.p4(136) Condition "standard_metadata.ingress_port==1 || standard_metadata.ingress_port==2" (node_8) is true
[19:44:39.886] [bmv2] [T] [thread 5714] [12.0] [cxt 0] int_transit_source_common.p4(307) Condition "hdr.int_header.isValid()" (node_9) is false
[19:44:39.886] [bmv2] [D] [thread 5714] [12.0] [cxt 0] Pipeline 'egress': end
[19:44:39.886] [bmv2] [D] [thread 5714] [12.0] [cxt 0] Deparser 'deparser': start
[19:44:39.886] [bmv2] [T] [thread 5714] [12.0] [cxt 0] Skipping checksum 'cksum' update because condition not met
[19:44:39.886] [bmv2] [D] [thread 5714] [12.0] [cxt 0] Deparsing header 'ethernet'
[19:44:39.886] [bmv2] [D] [thread 5714] [12.0] [cxt 0] Deparser 'deparser': end
[19:44:39.886] [bmv2] [D] [thread 5718] [12.0] [cxt 0] Transmitting packet of size 202 out of port 0
[19:44:41.122] [bmv2] [T] [thread 5785] bm_get_config
[19:44:51.568] [bmv2] [D] [thread 5713] [13.0] [cxt 0] Processing packet received on port 1
[19:44:51.568] [bmv2] [D] [thread 5713] [13.0] [cxt 0] Parser 'parser': start
[19:44:51.568] [bmv2] [D] [thread 5713] [13.0] [cxt 0] Parser 'parser' entering state 'start'
[19:44:51.568] [bmv2] [D] [thread 5713] [13.0] [cxt 0] Extracting header 'ethernet'
[19:44:51.568] [bmv2] [D] [thread 5713] [13.0] [cxt 0] Parser state 'start': key is 0800
[19:44:51.568] [bmv2] [T] [thread 5713] [13.0] [cxt 0] Bytes parsed: 14
[19:44:51.568] [bmv2] [D] [thread 5713] [13.0] [cxt 0] Parser 'parser' entering state 'parse_ipv4'
[19:44:51.568] [bmv2] [D] [thread 5713] [13.0] [cxt 0] Extracting header 'ipv4'
[19:44:51.568] [bmv2] [D] [thread 5713] [13.0] [cxt 0] Parser state 'parse_ipv4': key is 01
[19:44:51.568] [bmv2] [T] [thread 5713] [13.0] [cxt 0] Bytes parsed: 34
[19:44:51.568] [bmv2] [D] [thread 5713] [13.0] [cxt 0] Verifying checksum 'cksum_0': true
[19:44:51.568] [bmv2] [D] [thread 5713] [13.0] [cxt 0] Parser 'parser': end
[19:44:51.568] [bmv2] [D] [thread 5713] [13.0] [cxt 0] Pipeline 'ingress': start
[19:44:51.568] [bmv2] [T] [thread 5713] [13.0] [cxt 0] int_source.p4(121) Condition "standard_metadata.ingress_port==1 || standard_metadata.ingress_port==2" (node_2) is true
[19:44:51.568] [bmv2] [T] [thread 5713] [13.0] [cxt 0] Applying table 'IngressImpl.process_int_source_headers.tb_int_source'
[19:44:51.568] [bmv2] [D] [thread 5713] [13.0] [cxt 0] Looking up key:

[19:44:51.568] [bmv2] [D] [thread 5713] [13.0] [cxt 0] Table 'IngressImpl.process_int_source_headers.tb_int_source': miss
[19:44:51.568] [bmv2] [D] [thread 5713] [13.0] [cxt 0] Action entry is NoAction - 
[19:44:51.568] [bmv2] [T] [thread 5713] [13.0] [cxt 0] Action NoAction
[19:44:51.568] [bmv2] [T] [thread 5713] [13.0] [cxt 0] int_source.p4(127) Condition "hdr.ipv4.isValid()" (node_4) is true
[19:44:51.568] [bmv2] [T] [thread 5713] [13.0] [cxt 0] Applying table 'IngressImpl.ipv4_lpm'
[19:44:51.568] [bmv2] [D] [thread 5713] [13.0] [cxt 0] Looking up key:
* hdr.ipv4.srcAddr    : 0a000101
* hdr.ipv4.dstAddr    : 0a000201
* hdr.udp.sport       : 0000
* hdr.udp.dport       : 0000

[19:44:51.568] [bmv2] [D] [thread 5713] [13.0] [cxt 0] Table 'IngressImpl.ipv4_lpm': miss
[19:44:51.568] [bmv2] [D] [thread 5713] [13.0] [cxt 0] Action entry is NoAction - 
[19:44:51.568] [bmv2] [T] [thread 5713] [13.0] [cxt 0] Action NoAction
[19:44:51.568] [bmv2] [D] [thread 5713] [13.0] [cxt 0] Pipeline 'ingress': end
[19:44:51.568] [bmv2] [D] [thread 5713] [13.0] [cxt 0] Egress port is 0
[19:44:51.569] [bmv2] [D] [thread 5714] [13.0] [cxt 0] Pipeline 'egress': start
[19:44:51.569] [bmv2] [T] [thread 5714] [13.0] [cxt 0] int_source.p4(136) Condition "standard_metadata.ingress_port==1 || standard_metadata.ingress_port==2" (node_8) is true
[19:44:51.569] [bmv2] [T] [thread 5714] [13.0] [cxt 0] int_transit_source_common.p4(307) Condition "hdr.int_header.isValid()" (node_9) is false
[19:44:51.569] [bmv2] [D] [thread 5714] [13.0] [cxt 0] Pipeline 'egress': end
[19:44:51.569] [bmv2] [D] [thread 5714] [13.0] [cxt 0] Deparser 'deparser': start
[19:44:51.569] [bmv2] [D] [thread 5714] [13.0] [cxt 0] Updating checksum 'cksum'
[19:44:51.569] [bmv2] [D] [thread 5714] [13.0] [cxt 0] Deparsing header 'ethernet'
[19:44:51.569] [bmv2] [D] [thread 5714] [13.0] [cxt 0] Deparsing header 'ipv4'
[19:44:51.569] [bmv2] [D] [thread 5714] [13.0] [cxt 0] Deparser 'deparser': end
[19:44:51.569] [bmv2] [D] [thread 5718] [13.0] [cxt 0] Transmitting packet of size 98 out of port 0
[19:44:52.575] [bmv2] [D] [thread 5713] [14.0] [cxt 0] Processing packet received on port 1
[19:44:52.575] [bmv2] [D] [thread 5713] [14.0] [cxt 0] Parser 'parser': start
[19:44:52.575] [bmv2] [D] [thread 5713] [14.0] [cxt 0] Parser 'parser' entering state 'start'
[19:44:52.575] [bmv2] [D] [thread 5713] [14.0] [cxt 0] Extracting header 'ethernet'
[19:44:52.575] [bmv2] [D] [thread 5713] [14.0] [cxt 0] Parser state 'start': key is 0800
[19:44:52.575] [bmv2] [T] [thread 5713] [14.0] [cxt 0] Bytes parsed: 14
[19:44:52.575] [bmv2] [D] [thread 5713] [14.0] [cxt 0] Parser 'parser' entering state 'parse_ipv4'
[19:44:52.575] [bmv2] [D] [thread 5713] [14.0] [cxt 0] Extracting header 'ipv4'
[19:44:52.575] [bmv2] [D] [thread 5713] [14.0] [cxt 0] Parser state 'parse_ipv4': key is 01
[19:44:52.575] [bmv2] [T] [thread 5713] [14.0] [cxt 0] Bytes parsed: 34
[19:44:52.575] [bmv2] [D] [thread 5713] [14.0] [cxt 0] Verifying checksum 'cksum_0': true
[19:44:52.575] [bmv2] [D] [thread 5713] [14.0] [cxt 0] Parser 'parser': end
[19:44:52.575] [bmv2] [D] [thread 5713] [14.0] [cxt 0] Pipeline 'ingress': start
[19:44:52.575] [bmv2] [T] [thread 5713] [14.0] [cxt 0] int_source.p4(121) Condition "standard_metadata.ingress_port==1 || standard_metadata.ingress_port==2" (node_2) is true
[19:44:52.575] [bmv2] [T] [thread 5713] [14.0] [cxt 0] Applying table 'IngressImpl.process_int_source_headers.tb_int_source'
[19:44:52.575] [bmv2] [D] [thread 5713] [14.0] [cxt 0] Looking up key:

[19:44:52.575] [bmv2] [D] [thread 5713] [14.0] [cxt 0] Table 'IngressImpl.process_int_source_headers.tb_int_source': miss
[19:44:52.575] [bmv2] [D] [thread 5713] [14.0] [cxt 0] Action entry is NoAction - 
[19:44:52.575] [bmv2] [T] [thread 5713] [14.0] [cxt 0] Action NoAction
[19:44:52.575] [bmv2] [T] [thread 5713] [14.0] [cxt 0] int_source.p4(127) Condition "hdr.ipv4.isValid()" (node_4) is true
[19:44:52.575] [bmv2] [T] [thread 5713] [14.0] [cxt 0] Applying table 'IngressImpl.ipv4_lpm'
[19:44:52.575] [bmv2] [D] [thread 5713] [14.0] [cxt 0] Looking up key:
* hdr.ipv4.srcAddr    : 0a000101
* hdr.ipv4.dstAddr    : 0a000201
* hdr.udp.sport       : 0000
* hdr.udp.dport       : 0000

[19:44:52.575] [bmv2] [D] [thread 5713] [14.0] [cxt 0] Table 'IngressImpl.ipv4_lpm': miss
[19:44:52.575] [bmv2] [D] [thread 5713] [14.0] [cxt 0] Action entry is NoAction - 
[19:44:52.575] [bmv2] [T] [thread 5713] [14.0] [cxt 0] Action NoAction
[19:44:52.575] [bmv2] [D] [thread 5713] [14.0] [cxt 0] Pipeline 'ingress': end
[19:44:52.575] [bmv2] [D] [thread 5713] [14.0] [cxt 0] Egress port is 0
[19:44:52.575] [bmv2] [D] [thread 5714] [14.0] [cxt 0] Pipeline 'egress': start
[19:44:52.575] [bmv2] [T] [thread 5714] [14.0] [cxt 0] int_source.p4(136) Condition "standard_metadata.ingress_port==1 || standard_metadata.ingress_port==2" (node_8) is true
[19:44:52.575] [bmv2] [T] [thread 5714] [14.0] [cxt 0] int_transit_source_common.p4(307) Condition "hdr.int_header.isValid()" (node_9) is false
[19:44:52.575] [bmv2] [D] [thread 5714] [14.0] [cxt 0] Pipeline 'egress': end
[19:44:52.575] [bmv2] [D] [thread 5714] [14.0] [cxt 0] Deparser 'deparser': start
[19:44:52.575] [bmv2] [D] [thread 5714] [14.0] [cxt 0] Updating checksum 'cksum'
[19:44:52.575] [bmv2] [D] [thread 5714] [14.0] [cxt 0] Deparsing header 'ethernet'
[19:44:52.575] [bmv2] [D] [thread 5714] [14.0] [cxt 0] Deparsing header 'ipv4'
[19:44:52.575] [bmv2] [D] [thread 5714] [14.0] [cxt 0] Deparser 'deparser': end
[19:44:52.576] [bmv2] [D] [thread 5718] [14.0] [cxt 0] Transmitting packet of size 98 out of port 0
