Calling target program-options parser
[19:44:38.975] [bmv2] [D] [thread 5738] Set default default entry for table 'tbl_int_sink96': int_sink96 - 
[19:44:38.975] [bmv2] [D] [thread 5738] Set default default entry for table 'tbl_process_int_sink_restore_header': IngressImpl.process_int_sink.restore_header - 
[19:44:38.975] [bmv2] [D] [thread 5738] Set default default entry for table 'tbl_process_int_sink_int_sink': IngressImpl.process_int_sink.int_sink - 
[19:44:38.975] [bmv2] [D] [thread 5738] Set default default entry for table 'IngressImpl.ipv4_lpm': NoAction - 
[19:44:38.975] [bmv2] [D] [thread 5738] Set default default entry for table 'EgressImpl.process_int_clone.tb_generate_report': NoAction - 
Adding interface s3-eth1 as port 1
[19:44:38.979] [bmv2] [D] [thread 5738] Adding interface s3-eth1 as port 1
Adding interface s3-eth2 as port 2
[19:44:39.009] [bmv2] [D] [thread 5738] Adding interface s3-eth2 as port 2
Adding interface s3-eth3 as port 3
[19:44:39.037] [bmv2] [D] [thread 5738] Adding interface s3-eth3 as port 3
[19:44:39.061] [bmv2] [I] [thread 5738] Starting Thrift server on port 9092
[19:44:39.062] [bmv2] [I] [thread 5738] Thrift server was started
[19:44:39.068] [bmv2] [D] [thread 5744] [0.0] [cxt 0] Processing packet received on port 2
[19:44:39.068] [bmv2] [D] [thread 5744] [0.0] [cxt 0] Parser 'parser': start
[19:44:39.068] [bmv2] [D] [thread 5744] [0.0] [cxt 0] Parser 'parser' entering state 'start'
[19:44:39.068] [bmv2] [D] [thread 5744] [0.0] [cxt 0] Extracting header 'ethernet'
[19:44:39.068] [bmv2] [D] [thread 5744] [0.0] [cxt 0] Parser state 'start': key is 86dd
[19:44:39.068] [bmv2] [T] [thread 5744] [0.0] [cxt 0] Bytes parsed: 14
[19:44:39.068] [bmv2] [T] [thread 5744] [0.0] [cxt 0] Skipping checksum 'cksum_0' verification because target field invalid
[19:44:39.068] [bmv2] [D] [thread 5744] [0.0] [cxt 0] Parser 'parser': end
[19:44:39.068] [bmv2] [D] [thread 5744] [0.0] [cxt 0] Pipeline 'ingress': start
[19:44:39.068] [bmv2] [T] [thread 5744] [0.0] [cxt 0] int_sink.p4(95) Condition "standard_metadata.ingress_port==3" (node_2) is false
[19:44:39.068] [bmv2] [T] [thread 5744] [0.0] [cxt 0] int_sink.p4(106) Condition "hdr.ipv4.isValid()" (node_6) is false
[19:44:39.068] [bmv2] [D] [thread 5744] [0.0] [cxt 0] Pipeline 'ingress': end
[19:44:39.068] [bmv2] [D] [thread 5744] [0.0] [cxt 0] Egress port is 0
[19:44:39.068] [bmv2] [D] [thread 5745] [0.0] [cxt 0] Pipeline 'egress': start
[19:44:39.068] [bmv2] [T] [thread 5745] [0.0] [cxt 0] int_sink.p4(116) Condition "standard_metadata.ingress_port==3" (node_10) is false
[19:44:39.068] [bmv2] [D] [thread 5745] [0.0] [cxt 0] Pipeline 'egress': end
[19:44:39.068] [bmv2] [D] [thread 5745] [0.0] [cxt 0] Deparser 'deparser': start
[19:44:39.068] [bmv2] [T] [thread 5745] [0.0] [cxt 0] Skipping checksum 'cksum' update because condition not met
[19:44:39.068] [bmv2] [D] [thread 5745] [0.0] [cxt 0] Deparsing header 'ethernet'
[19:44:39.068] [bmv2] [D] [thread 5745] [0.0] [cxt 0] Deparser 'deparser': end
[19:44:39.068] [bmv2] [D] [thread 5749] [0.0] [cxt 0] Transmitting packet of size 203 out of port 0
[19:44:39.138] [bmv2] [D] [thread 5744] [1.0] [cxt 0] Processing packet received on port 3
[19:44:39.138] [bmv2] [D] [thread 5744] [1.0] [cxt 0] Parser 'parser': start
[19:44:39.138] [bmv2] [D] [thread 5744] [1.0] [cxt 0] Parser 'parser' entering state 'start'
[19:44:39.138] [bmv2] [D] [thread 5744] [1.0] [cxt 0] Extracting header 'ethernet'
[19:44:39.138] [bmv2] [D] [thread 5744] [1.0] [cxt 0] Parser state 'start': key is 86dd
[19:44:39.138] [bmv2] [T] [thread 5744] [1.0] [cxt 0] Bytes parsed: 14
[19:44:39.138] [bmv2] [T] [thread 5744] [1.0] [cxt 0] Skipping checksum 'cksum_0' verification because target field invalid
[19:44:39.139] [bmv2] [D] [thread 5744] [1.0] [cxt 0] Parser 'parser': end
[19:44:39.139] [bmv2] [D] [thread 5744] [1.0] [cxt 0] Pipeline 'ingress': start
[19:44:39.139] [bmv2] [T] [thread 5744] [1.0] [cxt 0] int_sink.p4(95) Condition "standard_metadata.ingress_port==3" (node_2) is true
[19:44:39.139] [bmv2] [T] [thread 5744] [1.0] [cxt 0] Applying table 'tbl_int_sink96'
[19:44:39.139] [bmv2] [D] [thread 5744] [1.0] [cxt 0] Looking up key:

[19:44:39.139] [bmv2] [D] [thread 5744] [1.0] [cxt 0] Table 'tbl_int_sink96': miss
[19:44:39.139] [bmv2] [D] [thread 5744] [1.0] [cxt 0] Action entry is int_sink96 - 
[19:44:39.139] [bmv2] [T] [thread 5744] [1.0] [cxt 0] Action int_sink96
[19:44:39.139] [bmv2] [T] [thread 5744] [1.0] [cxt 0] int_sink.p4(96) Primitive clone(CloneType.I2E, CLONE_SESSION_ID)
[19:44:39.139] [bmv2] [T] [thread 5744] [1.0] [cxt 0] Applying table 'tbl_process_int_sink_restore_header'
[19:44:39.139] [bmv2] [D] [thread 5744] [1.0] [cxt 0] Looking up key:

[19:44:39.139] [bmv2] [D] [thread 5744] [1.0] [cxt 0] Table 'tbl_process_int_sink_restore_header': miss
[19:44:39.139] [bmv2] [D] [thread 5744] [1.0] [cxt 0] Action entry is IngressImpl.process_int_sink.restore_header - 
[19:44:39.139] [bmv2] [T] [thread 5744] [1.0] [cxt 0] Action IngressImpl.process_int_sink.restore_header
[19:44:39.139] [bmv2] [T] [thread 5744] [1.0] [cxt 0] int_sink.p4(34) Primitive hdr.udp.dport = hdr.intl4_tail.dest_port
[19:44:39.139] [bmv2] [T] [thread 5744] [1.0] [cxt 0] int_sink.p4(35) Primitive hdr.ipv4.dscp = (bit<6>)hdr.intl4_tail.dscp
[19:44:39.139] [bmv2] [T] [thread 5744] [1.0] [cxt 0] Applying table 'tbl_process_int_sink_int_sink'
[19:44:39.139] [bmv2] [D] [thread 5744] [1.0] [cxt 0] Looking up key:

[19:44:39.139] [bmv2] [D] [thread 5744] [1.0] [cxt 0] Table 'tbl_process_int_sink_int_sink': miss
[19:44:39.139] [bmv2] [D] [thread 5744] [1.0] [cxt 0] Action entry is IngressImpl.process_int_sink.int_sink - 
[19:44:39.139] [bmv2] [T] [thread 5744] [1.0] [cxt 0] Action IngressImpl.process_int_sink.int_sink
[19:44:39.139] [bmv2] [T] [thread 5744] [1.0] [cxt 0] int_sink.p4(40) Primitive hdr.ipv4.totalLen = hdr.ipv4.totalLen - (bit<16>)((hdr.intl4_shim.len - (bit<8>)hdr.int_header.ins_cnt) << 2)
[19:44:39.139] [bmv2] [T] [thread 5744] [1.0] [cxt 0] int_sink.p4(41) Primitive hdr.ipv4.totalLen = hdr.ipv4.totalLen - 12
[19:44:39.139] [bmv2] [T] [thread 5744] [1.0] [cxt 0] int_sink.p4(43) Primitive hdr.udp.len = hdr.udp.len - (bit<16>)((hdr.intl4_shim.len - (bit<8>)hdr.int_header.ins_cnt) << 2)
[19:44:39.139] [bmv2] [T] [thread 5744] [1.0] [cxt 0] int_sink.p4(44) Primitive hdr.udp.len = hdr.udp.len -12
[19:44:39.139] [bmv2] [T] [thread 5744] [1.0] [cxt 0] int_sink.p4(46) Primitive hdr.intl4_shim.setInvalid()
[19:44:39.139] [bmv2] [T] [thread 5744] [1.0] [cxt 0] int_sink.p4(47) Primitive hdr.int_header.setInvalid()
[19:44:39.139] [bmv2] [T] [thread 5744] [1.0] [cxt 0] int_sink.p4(48) Primitive hdr.int_switch_id.pop_front(REMAINING_HOP_CNT)
[19:44:39.139] [bmv2] [T] [thread 5744] [1.0] [cxt 0] int_sink.p4(49) Primitive hdr.int_hop_latency.pop_front(REMAINING_HOP_CNT)
[19:44:39.139] [bmv2] [T] [thread 5744] [1.0] [cxt 0] int_sink.p4(50) Primitive hdr.int_q_occupancy.pop_front(REMAINING_HOP_CNT)
[19:44:39.139] [bmv2] [T] [thread 5744] [1.0] [cxt 0] int_sink.p4(51) Primitive hdr.intl4_tail.setInvalid()
[19:44:39.139] [bmv2] [T] [thread 5744] [1.0] [cxt 0] int_sink.p4(106) Condition "hdr.ipv4.isValid()" (node_6) is false
[19:44:39.139] [bmv2] [D] [thread 5744] [1.0] [cxt 0] Pipeline 'ingress': end
[19:44:39.139] [bmv2] [D] [thread 5744] [1.0] [cxt 0] Cloning packet at ingress
[19:44:39.139] [bmv2] [D] [thread 5744] [1.0] [cxt 0] Egress port is 0
[19:44:39.139] [bmv2] [D] [thread 5745] [1.0] [cxt 0] Pipeline 'egress': start
[19:44:39.139] [bmv2] [T] [thread 5745] [1.0] [cxt 0] int_sink.p4(116) Condition "standard_metadata.ingress_port==3" (node_10) is true
[19:44:39.139] [bmv2] [T] [thread 5745] [1.0] [cxt 0] int_sink.p4(117) Condition "standard_metadata.instance_type == 1" (node_11) is false
[19:44:39.139] [bmv2] [D] [thread 5745] [1.0] [cxt 0] Pipeline 'egress': end
[19:44:39.139] [bmv2] [D] [thread 5745] [1.0] [cxt 0] Deparser 'deparser': start
[19:44:39.139] [bmv2] [T] [thread 5745] [1.0] [cxt 0] Skipping checksum 'cksum' update because condition not met
[19:44:39.139] [bmv2] [D] [thread 5745] [1.0] [cxt 0] Deparsing header 'ethernet'
[19:44:39.139] [bmv2] [D] [thread 5745] [1.0] [cxt 0] Deparser 'deparser': end
[19:44:39.139] [bmv2] [D] [thread 5749] [1.0] [cxt 0] Transmitting packet of size 214 out of port 0
[19:44:39.231] [bmv2] [D] [thread 5744] [2.0] [cxt 0] Processing packet received on port 1
[19:44:39.231] [bmv2] [D] [thread 5744] [2.0] [cxt 0] Parser 'parser': start
[19:44:39.231] [bmv2] [D] [thread 5744] [2.0] [cxt 0] Parser 'parser' entering state 'start'
[19:44:39.231] [bmv2] [D] [thread 5744] [2.0] [cxt 0] Extracting header 'ethernet'
[19:44:39.231] [bmv2] [D] [thread 5744] [2.0] [cxt 0] Parser state 'start': key is 86dd
[19:44:39.231] [bmv2] [T] [thread 5744] [2.0] [cxt 0] Bytes parsed: 14
[19:44:39.231] [bmv2] [T] [thread 5744] [2.0] [cxt 0] Skipping checksum 'cksum_0' verification because target field invalid
[19:44:39.231] [bmv2] [D] [thread 5744] [2.0] [cxt 0] Parser 'parser': end
[19:44:39.231] [bmv2] [D] [thread 5744] [2.0] [cxt 0] Pipeline 'ingress': start
[19:44:39.231] [bmv2] [T] [thread 5744] [2.0] [cxt 0] int_sink.p4(95) Condition "standard_metadata.ingress_port==3" (node_2) is false
[19:44:39.231] [bmv2] [T] [thread 5744] [2.0] [cxt 0] int_sink.p4(106) Condition "hdr.ipv4.isValid()" (node_6) is false
[19:44:39.231] [bmv2] [D] [thread 5744] [2.0] [cxt 0] Pipeline 'ingress': end
[19:44:39.231] [bmv2] [D] [thread 5744] [2.0] [cxt 0] Egress port is 0
[19:44:39.231] [bmv2] [D] [thread 5745] [2.0] [cxt 0] Pipeline 'egress': start
[19:44:39.231] [bmv2] [T] [thread 5745] [2.0] [cxt 0] int_sink.p4(116) Condition "standard_metadata.ingress_port==3" (node_10) is false
[19:44:39.231] [bmv2] [D] [thread 5745] [2.0] [cxt 0] Pipeline 'egress': end
[19:44:39.231] [bmv2] [D] [thread 5745] [2.0] [cxt 0] Deparser 'deparser': start
[19:44:39.231] [bmv2] [T] [thread 5745] [2.0] [cxt 0] Skipping checksum 'cksum' update because condition not met
[19:44:39.231] [bmv2] [D] [thread 5745] [2.0] [cxt 0] Deparsing header 'ethernet'
[19:44:39.231] [bmv2] [D] [thread 5745] [2.0] [cxt 0] Deparser 'deparser': end
[19:44:39.232] [bmv2] [D] [thread 5749] [2.0] [cxt 0] Transmitting packet of size 214 out of port 0
[19:44:39.301] [bmv2] [D] [thread 5744] [3.0] [cxt 0] Processing packet received on port 3
[19:44:39.301] [bmv2] [D] [thread 5744] [3.0] [cxt 0] Parser 'parser': start
[19:44:39.301] [bmv2] [D] [thread 5744] [3.0] [cxt 0] Parser 'parser' entering state 'start'
[19:44:39.301] [bmv2] [D] [thread 5744] [3.0] [cxt 0] Extracting header 'ethernet'
[19:44:39.301] [bmv2] [D] [thread 5744] [3.0] [cxt 0] Parser state 'start': key is 86dd
[19:44:39.301] [bmv2] [T] [thread 5744] [3.0] [cxt 0] Bytes parsed: 14
[19:44:39.301] [bmv2] [T] [thread 5744] [3.0] [cxt 0] Skipping checksum 'cksum_0' verification because target field invalid
[19:44:39.301] [bmv2] [D] [thread 5744] [3.0] [cxt 0] Parser 'parser': end
[19:44:39.301] [bmv2] [D] [thread 5744] [3.0] [cxt 0] Pipeline 'ingress': start
[19:44:39.301] [bmv2] [T] [thread 5744] [3.0] [cxt 0] int_sink.p4(95) Condition "standard_metadata.ingress_port==3" (node_2) is true
[19:44:39.301] [bmv2] [T] [thread 5744] [3.0] [cxt 0] Applying table 'tbl_int_sink96'
[19:44:39.301] [bmv2] [D] [thread 5744] [3.0] [cxt 0] Looking up key:

[19:44:39.301] [bmv2] [D] [thread 5744] [3.0] [cxt 0] Table 'tbl_int_sink96': miss
[19:44:39.301] [bmv2] [D] [thread 5744] [3.0] [cxt 0] Action entry is int_sink96 - 
[19:44:39.301] [bmv2] [T] [thread 5744] [3.0] [cxt 0] Action int_sink96
[19:44:39.301] [bmv2] [T] [thread 5744] [3.0] [cxt 0] int_sink.p4(96) Primitive clone(CloneType.I2E, CLONE_SESSION_ID)
[19:44:39.301] [bmv2] [T] [thread 5744] [3.0] [cxt 0] Applying table 'tbl_process_int_sink_restore_header'
[19:44:39.301] [bmv2] [D] [thread 5744] [3.0] [cxt 0] Looking up key:

[19:44:39.301] [bmv2] [D] [thread 5744] [3.0] [cxt 0] Table 'tbl_process_int_sink_restore_header': miss
[19:44:39.301] [bmv2] [D] [thread 5744] [3.0] [cxt 0] Action entry is IngressImpl.process_int_sink.restore_header - 
[19:44:39.301] [bmv2] [T] [thread 5744] [3.0] [cxt 0] Action IngressImpl.process_int_sink.restore_header
[19:44:39.301] [bmv2] [T] [thread 5744] [3.0] [cxt 0] int_sink.p4(34) Primitive hdr.udp.dport = hdr.intl4_tail.dest_port
[19:44:39.301] [bmv2] [T] [thread 5744] [3.0] [cxt 0] int_sink.p4(35) Primitive hdr.ipv4.dscp = (bit<6>)hdr.intl4_tail.dscp
[19:44:39.301] [bmv2] [T] [thread 5744] [3.0] [cxt 0] Applying table 'tbl_process_int_sink_int_sink'
[19:44:39.301] [bmv2] [D] [thread 5744] [3.0] [cxt 0] Looking up key:

[19:44:39.301] [bmv2] [D] [thread 5744] [3.0] [cxt 0] Table 'tbl_process_int_sink_int_sink': miss
[19:44:39.301] [bmv2] [D] [thread 5744] [3.0] [cxt 0] Action entry is IngressImpl.process_int_sink.int_sink - 
[19:44:39.301] [bmv2] [T] [thread 5744] [3.0] [cxt 0] Action IngressImpl.process_int_sink.int_sink
[19:44:39.301] [bmv2] [T] [thread 5744] [3.0] [cxt 0] int_sink.p4(40) Primitive hdr.ipv4.totalLen = hdr.ipv4.totalLen - (bit<16>)((hdr.intl4_shim.len - (bit<8>)hdr.int_header.ins_cnt) << 2)
[19:44:39.301] [bmv2] [T] [thread 5744] [3.0] [cxt 0] int_sink.p4(41) Primitive hdr.ipv4.totalLen = hdr.ipv4.totalLen - 12
[19:44:39.301] [bmv2] [T] [thread 5744] [3.0] [cxt 0] int_sink.p4(43) Primitive hdr.udp.len = hdr.udp.len - (bit<16>)((hdr.intl4_shim.len - (bit<8>)hdr.int_header.ins_cnt) << 2)
[19:44:39.301] [bmv2] [T] [thread 5744] [3.0] [cxt 0] int_sink.p4(44) Primitive hdr.udp.len = hdr.udp.len -12
[19:44:39.301] [bmv2] [T] [thread 5744] [3.0] [cxt 0] int_sink.p4(46) Primitive hdr.intl4_shim.setInvalid()
[19:44:39.301] [bmv2] [T] [thread 5744] [3.0] [cxt 0] int_sink.p4(47) Primitive hdr.int_header.setInvalid()
[19:44:39.301] [bmv2] [T] [thread 5744] [3.0] [cxt 0] int_sink.p4(48) Primitive hdr.int_switch_id.pop_front(REMAINING_HOP_CNT)
[19:44:39.301] [bmv2] [T] [thread 5744] [3.0] [cxt 0] int_sink.p4(49) Primitive hdr.int_hop_latency.pop_front(REMAINING_HOP_CNT)
[19:44:39.301] [bmv2] [T] [thread 5744] [3.0] [cxt 0] int_sink.p4(50) Primitive hdr.int_q_occupancy.pop_front(REMAINING_HOP_CNT)
[19:44:39.301] [bmv2] [T] [thread 5744] [3.0] [cxt 0] int_sink.p4(51) Primitive hdr.intl4_tail.setInvalid()
[19:44:39.301] [bmv2] [T] [thread 5744] [3.0] [cxt 0] int_sink.p4(106) Condition "hdr.ipv4.isValid()" (node_6) is false
[19:44:39.301] [bmv2] [D] [thread 5744] [3.0] [cxt 0] Pipeline 'ingress': end
[19:44:39.301] [bmv2] [D] [thread 5744] [3.0] [cxt 0] Cloning packet at ingress
[19:44:39.301] [bmv2] [D] [thread 5744] [3.0] [cxt 0] Egress port is 0
[19:44:39.301] [bmv2] [D] [thread 5745] [3.0] [cxt 0] Pipeline 'egress': start
[19:44:39.301] [bmv2] [T] [thread 5745] [3.0] [cxt 0] int_sink.p4(116) Condition "standard_metadata.ingress_port==3" (node_10) is true
[19:44:39.301] [bmv2] [T] [thread 5745] [3.0] [cxt 0] int_sink.p4(117) Condition "standard_metadata.instance_type == 1" (node_11) is false
[19:44:39.301] [bmv2] [D] [thread 5745] [3.0] [cxt 0] Pipeline 'egress': end
[19:44:39.301] [bmv2] [D] [thread 5745] [3.0] [cxt 0] Deparser 'deparser': start
[19:44:39.301] [bmv2] [T] [thread 5745] [3.0] [cxt 0] Skipping checksum 'cksum' update because condition not met
[19:44:39.301] [bmv2] [D] [thread 5745] [3.0] [cxt 0] Deparsing header 'ethernet'
[19:44:39.301] [bmv2] [D] [thread 5745] [3.0] [cxt 0] Deparser 'deparser': end
[19:44:39.301] [bmv2] [D] [thread 5749] [3.0] [cxt 0] Transmitting packet of size 90 out of port 0
[19:44:39.339] [bmv2] [D] [thread 5744] [4.0] [cxt 0] Processing packet received on port 3
[19:44:39.339] [bmv2] [D] [thread 5744] [4.0] [cxt 0] Parser 'parser': start
[19:44:39.339] [bmv2] [D] [thread 5744] [4.0] [cxt 0] Parser 'parser' entering state 'start'
[19:44:39.339] [bmv2] [D] [thread 5744] [4.0] [cxt 0] Extracting header 'ethernet'
[19:44:39.339] [bmv2] [D] [thread 5744] [4.0] [cxt 0] Parser state 'start': key is 86dd
[19:44:39.339] [bmv2] [T] [thread 5744] [4.0] [cxt 0] Bytes parsed: 14
[19:44:39.339] [bmv2] [T] [thread 5744] [4.0] [cxt 0] Skipping checksum 'cksum_0' verification because target field invalid
[19:44:39.339] [bmv2] [D] [thread 5744] [4.0] [cxt 0] Parser 'parser': end
[19:44:39.339] [bmv2] [D] [thread 5744] [4.0] [cxt 0] Pipeline 'ingress': start
[19:44:39.339] [bmv2] [T] [thread 5744] [4.0] [cxt 0] int_sink.p4(95) Condition "standard_metadata.ingress_port==3" (node_2) is true
[19:44:39.339] [bmv2] [T] [thread 5744] [4.0] [cxt 0] Applying table 'tbl_int_sink96'
[19:44:39.339] [bmv2] [D] [thread 5744] [4.0] [cxt 0] Looking up key:

[19:44:39.339] [bmv2] [D] [thread 5744] [4.0] [cxt 0] Table 'tbl_int_sink96': miss
[19:44:39.339] [bmv2] [D] [thread 5744] [4.0] [cxt 0] Action entry is int_sink96 - 
[19:44:39.339] [bmv2] [T] [thread 5744] [4.0] [cxt 0] Action int_sink96
[19:44:39.339] [bmv2] [T] [thread 5744] [4.0] [cxt 0] int_sink.p4(96) Primitive clone(CloneType.I2E, CLONE_SESSION_ID)
[19:44:39.339] [bmv2] [T] [thread 5744] [4.0] [cxt 0] Applying table 'tbl_process_int_sink_restore_header'
[19:44:39.339] [bmv2] [D] [thread 5744] [4.0] [cxt 0] Looking up key:

[19:44:39.339] [bmv2] [D] [thread 5744] [4.0] [cxt 0] Table 'tbl_process_int_sink_restore_header': miss
[19:44:39.339] [bmv2] [D] [thread 5744] [4.0] [cxt 0] Action entry is IngressImpl.process_int_sink.restore_header - 
[19:44:39.339] [bmv2] [T] [thread 5744] [4.0] [cxt 0] Action IngressImpl.process_int_sink.restore_header
[19:44:39.339] [bmv2] [T] [thread 5744] [4.0] [cxt 0] int_sink.p4(34) Primitive hdr.udp.dport = hdr.intl4_tail.dest_port
[19:44:39.339] [bmv2] [T] [thread 5744] [4.0] [cxt 0] int_sink.p4(35) Primitive hdr.ipv4.dscp = (bit<6>)hdr.intl4_tail.dscp
[19:44:39.339] [bmv2] [T] [thread 5744] [4.0] [cxt 0] Applying table 'tbl_process_int_sink_int_sink'
[19:44:39.339] [bmv2] [D] [thread 5744] [4.0] [cxt 0] Looking up key:

[19:44:39.339] [bmv2] [D] [thread 5744] [4.0] [cxt 0] Table 'tbl_process_int_sink_int_sink': miss
[19:44:39.339] [bmv2] [D] [thread 5744] [4.0] [cxt 0] Action entry is IngressImpl.process_int_sink.int_sink - 
[19:44:39.339] [bmv2] [T] [thread 5744] [4.0] [cxt 0] Action IngressImpl.process_int_sink.int_sink
[19:44:39.339] [bmv2] [T] [thread 5744] [4.0] [cxt 0] int_sink.p4(40) Primitive hdr.ipv4.totalLen = hdr.ipv4.totalLen - (bit<16>)((hdr.intl4_shim.len - (bit<8>)hdr.int_header.ins_cnt) << 2)
[19:44:39.339] [bmv2] [T] [thread 5744] [4.0] [cxt 0] int_sink.p4(41) Primitive hdr.ipv4.totalLen = hdr.ipv4.totalLen - 12
[19:44:39.339] [bmv2] [T] [thread 5744] [4.0] [cxt 0] int_sink.p4(43) Primitive hdr.udp.len = hdr.udp.len - (bit<16>)((hdr.intl4_shim.len - (bit<8>)hdr.int_header.ins_cnt) << 2)
[19:44:39.339] [bmv2] [T] [thread 5744] [4.0] [cxt 0] int_sink.p4(44) Primitive hdr.udp.len = hdr.udp.len -12
[19:44:39.339] [bmv2] [T] [thread 5744] [4.0] [cxt 0] int_sink.p4(46) Primitive hdr.intl4_shim.setInvalid()
[19:44:39.339] [bmv2] [T] [thread 5744] [4.0] [cxt 0] int_sink.p4(47) Primitive hdr.int_header.setInvalid()
[19:44:39.339] [bmv2] [T] [thread 5744] [4.0] [cxt 0] int_sink.p4(48) Primitive hdr.int_switch_id.pop_front(REMAINING_HOP_CNT)
[19:44:39.339] [bmv2] [T] [thread 5744] [4.0] [cxt 0] int_sink.p4(49) Primitive hdr.int_hop_latency.pop_front(REMAINING_HOP_CNT)
[19:44:39.339] [bmv2] [T] [thread 5744] [4.0] [cxt 0] int_sink.p4(50) Primitive hdr.int_q_occupancy.pop_front(REMAINING_HOP_CNT)
[19:44:39.339] [bmv2] [T] [thread 5744] [4.0] [cxt 0] int_sink.p4(51) Primitive hdr.intl4_tail.setInvalid()
[19:44:39.339] [bmv2] [T] [thread 5744] [4.0] [cxt 0] int_sink.p4(106) Condition "hdr.ipv4.isValid()" (node_6) is false
[19:44:39.339] [bmv2] [D] [thread 5744] [4.0] [cxt 0] Pipeline 'ingress': end
[19:44:39.339] [bmv2] [D] [thread 5744] [4.0] [cxt 0] Cloning packet at ingress
[19:44:39.339] [bmv2] [D] [thread 5744] [4.0] [cxt 0] Egress port is 0
[19:44:39.339] [bmv2] [D] [thread 5745] [4.0] [cxt 0] Pipeline 'egress': start
[19:44:39.339] [bmv2] [T] [thread 5745] [4.0] [cxt 0] int_sink.p4(116) Condition "standard_metadata.ingress_port==3" (node_10) is true
[19:44:39.339] [bmv2] [T] [thread 5745] [4.0] [cxt 0] int_sink.p4(117) Condition "standard_metadata.instance_type == 1" (node_11) is false
[19:44:39.339] [bmv2] [D] [thread 5745] [4.0] [cxt 0] Pipeline 'egress': end
[19:44:39.339] [bmv2] [D] [thread 5745] [4.0] [cxt 0] Deparser 'deparser': start
[19:44:39.339] [bmv2] [T] [thread 5745] [4.0] [cxt 0] Skipping checksum 'cksum' update because condition not met
[19:44:39.339] [bmv2] [D] [thread 5745] [4.0] [cxt 0] Deparsing header 'ethernet'
[19:44:39.339] [bmv2] [D] [thread 5745] [4.0] [cxt 0] Deparser 'deparser': end
[19:44:39.339] [bmv2] [D] [thread 5749] [4.0] [cxt 0] Transmitting packet of size 202 out of port 0
[19:44:39.429] [bmv2] [D] [thread 5744] [5.0] [cxt 0] Processing packet received on port 1
[19:44:39.429] [bmv2] [D] [thread 5744] [5.0] [cxt 0] Parser 'parser': start
[19:44:39.429] [bmv2] [D] [thread 5744] [5.0] [cxt 0] Parser 'parser' entering state 'start'
[19:44:39.429] [bmv2] [D] [thread 5744] [5.0] [cxt 0] Extracting header 'ethernet'
[19:44:39.430] [bmv2] [D] [thread 5744] [5.0] [cxt 0] Parser state 'start': key is 86dd
[19:44:39.430] [bmv2] [T] [thread 5744] [5.0] [cxt 0] Bytes parsed: 14
[19:44:39.430] [bmv2] [T] [thread 5744] [5.0] [cxt 0] Skipping checksum 'cksum_0' verification because target field invalid
[19:44:39.430] [bmv2] [D] [thread 5744] [5.0] [cxt 0] Parser 'parser': end
[19:44:39.430] [bmv2] [D] [thread 5744] [5.0] [cxt 0] Pipeline 'ingress': start
[19:44:39.430] [bmv2] [T] [thread 5744] [5.0] [cxt 0] int_sink.p4(95) Condition "standard_metadata.ingress_port==3" (node_2) is false
[19:44:39.430] [bmv2] [T] [thread 5744] [5.0] [cxt 0] int_sink.p4(106) Condition "hdr.ipv4.isValid()" (node_6) is false
[19:44:39.430] [bmv2] [D] [thread 5744] [5.0] [cxt 0] Pipeline 'ingress': end
[19:44:39.430] [bmv2] [D] [thread 5744] [5.0] [cxt 0] Egress port is 0
[19:44:39.430] [bmv2] [D] [thread 5745] [5.0] [cxt 0] Pipeline 'egress': start
[19:44:39.430] [bmv2] [T] [thread 5745] [5.0] [cxt 0] int_sink.p4(116) Condition "standard_metadata.ingress_port==3" (node_10) is false
[19:44:39.430] [bmv2] [D] [thread 5745] [5.0] [cxt 0] Pipeline 'egress': end
[19:44:39.430] [bmv2] [D] [thread 5745] [5.0] [cxt 0] Deparser 'deparser': start
[19:44:39.430] [bmv2] [T] [thread 5745] [5.0] [cxt 0] Skipping checksum 'cksum' update because condition not met
[19:44:39.430] [bmv2] [D] [thread 5745] [5.0] [cxt 0] Deparsing header 'ethernet'
[19:44:39.430] [bmv2] [D] [thread 5745] [5.0] [cxt 0] Deparser 'deparser': end
[19:44:39.430] [bmv2] [D] [thread 5749] [5.0] [cxt 0] Transmitting packet of size 90 out of port 0
[19:44:39.483] [bmv2] [D] [thread 5744] [6.0] [cxt 0] Processing packet received on port 1
[19:44:39.483] [bmv2] [D] [thread 5744] [6.0] [cxt 0] Parser 'parser': start
[19:44:39.483] [bmv2] [D] [thread 5744] [6.0] [cxt 0] Parser 'parser' entering state 'start'
[19:44:39.483] [bmv2] [D] [thread 5744] [6.0] [cxt 0] Extracting header 'ethernet'
[19:44:39.483] [bmv2] [D] [thread 5744] [6.0] [cxt 0] Parser state 'start': key is 86dd
[19:44:39.483] [bmv2] [T] [thread 5744] [6.0] [cxt 0] Bytes parsed: 14
[19:44:39.483] [bmv2] [T] [thread 5744] [6.0] [cxt 0] Skipping checksum 'cksum_0' verification because target field invalid
[19:44:39.483] [bmv2] [D] [thread 5744] [6.0] [cxt 0] Parser 'parser': end
[19:44:39.483] [bmv2] [D] [thread 5744] [6.0] [cxt 0] Pipeline 'ingress': start
[19:44:39.483] [bmv2] [T] [thread 5744] [6.0] [cxt 0] int_sink.p4(95) Condition "standard_metadata.ingress_port==3" (node_2) is false
[19:44:39.483] [bmv2] [T] [thread 5744] [6.0] [cxt 0] int_sink.p4(106) Condition "hdr.ipv4.isValid()" (node_6) is false
[19:44:39.483] [bmv2] [D] [thread 5744] [6.0] [cxt 0] Pipeline 'ingress': end
[19:44:39.483] [bmv2] [D] [thread 5744] [6.0] [cxt 0] Egress port is 0
[19:44:39.483] [bmv2] [D] [thread 5744] [7.0] [cxt 0] Processing packet received on port 1
[19:44:39.483] [bmv2] [D] [thread 5744] [7.0] [cxt 0] Parser 'parser': start
[19:44:39.483] [bmv2] [D] [thread 5744] [7.0] [cxt 0] Parser 'parser' entering state 'start'
[19:44:39.483] [bmv2] [D] [thread 5744] [7.0] [cxt 0] Extracting header 'ethernet'
[19:44:39.483] [bmv2] [D] [thread 5744] [7.0] [cxt 0] Parser state 'start': key is 86dd
[19:44:39.483] [bmv2] [T] [thread 5744] [7.0] [cxt 0] Bytes parsed: 14
[19:44:39.483] [bmv2] [T] [thread 5744] [7.0] [cxt 0] Skipping checksum 'cksum_0' verification because target field invalid
[19:44:39.483] [bmv2] [D] [thread 5744] [7.0] [cxt 0] Parser 'parser': end
[19:44:39.483] [bmv2] [D] [thread 5744] [7.0] [cxt 0] Pipeline 'ingress': start
[19:44:39.483] [bmv2] [D] [thread 5745] [6.0] [cxt 0] Pipeline 'egress': start
[19:44:39.483] [bmv2] [T] [thread 5744] [7.0] [cxt 0] int_sink.p4(95) Condition "standard_metadata.ingress_port==3" (node_2) is false
[19:44:39.483] [bmv2] [T] [thread 5745] [6.0] [cxt 0] int_sink.p4(116) Condition "standard_metadata.ingress_port==3" (node_10) is false
[19:44:39.483] [bmv2] [T] [thread 5744] [7.0] [cxt 0] int_sink.p4(106) Condition "hdr.ipv4.isValid()" (node_6) is false
[19:44:39.483] [bmv2] [D] [thread 5745] [6.0] [cxt 0] Pipeline 'egress': end
[19:44:39.483] [bmv2] [D] [thread 5744] [7.0] [cxt 0] Pipeline 'ingress': end
[19:44:39.483] [bmv2] [D] [thread 5745] [6.0] [cxt 0] Deparser 'deparser': start
[19:44:39.483] [bmv2] [T] [thread 5745] [6.0] [cxt 0] Skipping checksum 'cksum' update because condition not met
[19:44:39.483] [bmv2] [D] [thread 5744] [7.0] [cxt 0] Egress port is 0
[19:44:39.483] [bmv2] [D] [thread 5745] [6.0] [cxt 0] Deparsing header 'ethernet'
[19:44:39.483] [bmv2] [D] [thread 5745] [6.0] [cxt 0] Deparser 'deparser': end
[19:44:39.483] [bmv2] [D] [thread 5745] [7.0] [cxt 0] Pipeline 'egress': start
[19:44:39.483] [bmv2] [T] [thread 5745] [7.0] [cxt 0] int_sink.p4(116) Condition "standard_metadata.ingress_port==3" (node_10) is false
[19:44:39.483] [bmv2] [D] [thread 5745] [7.0] [cxt 0] Pipeline 'egress': end
[19:44:39.483] [bmv2] [D] [thread 5745] [7.0] [cxt 0] Deparser 'deparser': start
[19:44:39.483] [bmv2] [T] [thread 5745] [7.0] [cxt 0] Skipping checksum 'cksum' update because condition not met
[19:44:39.483] [bmv2] [D] [thread 5745] [7.0] [cxt 0] Deparsing header 'ethernet'
[19:44:39.483] [bmv2] [D] [thread 5745] [7.0] [cxt 0] Deparser 'deparser': end
[19:44:39.483] [bmv2] [D] [thread 5749] [6.0] [cxt 0] Transmitting packet of size 214 out of port 0
[19:44:39.483] [bmv2] [D] [thread 5749] [7.0] [cxt 0] Transmitting packet of size 116 out of port 0
[19:44:39.584] [bmv2] [D] [thread 5744] [8.0] [cxt 0] Processing packet received on port 3
[19:44:39.584] [bmv2] [D] [thread 5744] [8.0] [cxt 0] Parser 'parser': start
[19:44:39.584] [bmv2] [D] [thread 5744] [8.0] [cxt 0] Parser 'parser' entering state 'start'
[19:44:39.584] [bmv2] [D] [thread 5744] [8.0] [cxt 0] Extracting header 'ethernet'
[19:44:39.584] [bmv2] [D] [thread 5744] [8.0] [cxt 0] Parser state 'start': key is 86dd
[19:44:39.584] [bmv2] [T] [thread 5744] [8.0] [cxt 0] Bytes parsed: 14
[19:44:39.584] [bmv2] [T] [thread 5744] [8.0] [cxt 0] Skipping checksum 'cksum_0' verification because target field invalid
[19:44:39.584] [bmv2] [D] [thread 5744] [8.0] [cxt 0] Parser 'parser': end
[19:44:39.584] [bmv2] [D] [thread 5744] [8.0] [cxt 0] Pipeline 'ingress': start
[19:44:39.584] [bmv2] [T] [thread 5744] [8.0] [cxt 0] int_sink.p4(95) Condition "standard_metadata.ingress_port==3" (node_2) is true
[19:44:39.584] [bmv2] [T] [thread 5744] [8.0] [cxt 0] Applying table 'tbl_int_sink96'
[19:44:39.584] [bmv2] [D] [thread 5744] [8.0] [cxt 0] Looking up key:

[19:44:39.584] [bmv2] [D] [thread 5744] [8.0] [cxt 0] Table 'tbl_int_sink96': miss
[19:44:39.584] [bmv2] [D] [thread 5744] [8.0] [cxt 0] Action entry is int_sink96 - 
[19:44:39.584] [bmv2] [T] [thread 5744] [8.0] [cxt 0] Action int_sink96
[19:44:39.584] [bmv2] [T] [thread 5744] [8.0] [cxt 0] int_sink.p4(96) Primitive clone(CloneType.I2E, CLONE_SESSION_ID)
[19:44:39.584] [bmv2] [T] [thread 5744] [8.0] [cxt 0] Applying table 'tbl_process_int_sink_restore_header'
[19:44:39.584] [bmv2] [D] [thread 5744] [8.0] [cxt 0] Looking up key:

[19:44:39.584] [bmv2] [D] [thread 5744] [8.0] [cxt 0] Table 'tbl_process_int_sink_restore_header': miss
[19:44:39.584] [bmv2] [D] [thread 5744] [8.0] [cxt 0] Action entry is IngressImpl.process_int_sink.restore_header - 
[19:44:39.584] [bmv2] [T] [thread 5744] [8.0] [cxt 0] Action IngressImpl.process_int_sink.restore_header
[19:44:39.584] [bmv2] [T] [thread 5744] [8.0] [cxt 0] int_sink.p4(34) Primitive hdr.udp.dport = hdr.intl4_tail.dest_port
[19:44:39.584] [bmv2] [T] [thread 5744] [8.0] [cxt 0] int_sink.p4(35) Primitive hdr.ipv4.dscp = (bit<6>)hdr.intl4_tail.dscp
[19:44:39.584] [bmv2] [T] [thread 5744] [8.0] [cxt 0] Applying table 'tbl_process_int_sink_int_sink'
[19:44:39.584] [bmv2] [D] [thread 5744] [8.0] [cxt 0] Looking up key:

[19:44:39.584] [bmv2] [D] [thread 5744] [8.0] [cxt 0] Table 'tbl_process_int_sink_int_sink': miss
[19:44:39.584] [bmv2] [D] [thread 5744] [8.0] [cxt 0] Action entry is IngressImpl.process_int_sink.int_sink - 
[19:44:39.584] [bmv2] [T] [thread 5744] [8.0] [cxt 0] Action IngressImpl.process_int_sink.int_sink
[19:44:39.584] [bmv2] [T] [thread 5744] [8.0] [cxt 0] int_sink.p4(40) Primitive hdr.ipv4.totalLen = hdr.ipv4.totalLen - (bit<16>)((hdr.intl4_shim.len - (bit<8>)hdr.int_header.ins_cnt) << 2)
[19:44:39.584] [bmv2] [T] [thread 5744] [8.0] [cxt 0] int_sink.p4(41) Primitive hdr.ipv4.totalLen = hdr.ipv4.totalLen - 12
[19:44:39.584] [bmv2] [T] [thread 5744] [8.0] [cxt 0] int_sink.p4(43) Primitive hdr.udp.len = hdr.udp.len - (bit<16>)((hdr.intl4_shim.len - (bit<8>)hdr.int_header.ins_cnt) << 2)
[19:44:39.584] [bmv2] [T] [thread 5744] [8.0] [cxt 0] int_sink.p4(44) Primitive hdr.udp.len = hdr.udp.len -12
[19:44:39.584] [bmv2] [T] [thread 5744] [8.0] [cxt 0] int_sink.p4(46) Primitive hdr.intl4_shim.setInvalid()
[19:44:39.584] [bmv2] [T] [thread 5744] [8.0] [cxt 0] int_sink.p4(47) Primitive hdr.int_header.setInvalid()
[19:44:39.584] [bmv2] [T] [thread 5744] [8.0] [cxt 0] int_sink.p4(48) Primitive hdr.int_switch_id.pop_front(REMAINING_HOP_CNT)
[19:44:39.584] [bmv2] [T] [thread 5744] [8.0] [cxt 0] int_sink.p4(49) Primitive hdr.int_hop_latency.pop_front(REMAINING_HOP_CNT)
[19:44:39.584] [bmv2] [T] [thread 5744] [8.0] [cxt 0] int_sink.p4(50) Primitive hdr.int_q_occupancy.pop_front(REMAINING_HOP_CNT)
[19:44:39.584] [bmv2] [T] [thread 5744] [8.0] [cxt 0] int_sink.p4(51) Primitive hdr.intl4_tail.setInvalid()
[19:44:39.584] [bmv2] [T] [thread 5744] [8.0] [cxt 0] int_sink.p4(106) Condition "hdr.ipv4.isValid()" (node_6) is false
[19:44:39.584] [bmv2] [D] [thread 5744] [8.0] [cxt 0] Pipeline 'ingress': end
[19:44:39.584] [bmv2] [D] [thread 5744] [8.0] [cxt 0] Cloning packet at ingress
[19:44:39.584] [bmv2] [D] [thread 5744] [8.0] [cxt 0] Egress port is 0
[19:44:39.584] [bmv2] [D] [thread 5745] [8.0] [cxt 0] Pipeline 'egress': start
[19:44:39.584] [bmv2] [T] [thread 5745] [8.0] [cxt 0] int_sink.p4(116) Condition "standard_metadata.ingress_port==3" (node_10) is true
[19:44:39.584] [bmv2] [T] [thread 5745] [8.0] [cxt 0] int_sink.p4(117) Condition "standard_metadata.instance_type == 1" (node_11) is false
[19:44:39.584] [bmv2] [D] [thread 5745] [8.0] [cxt 0] Pipeline 'egress': end
[19:44:39.584] [bmv2] [D] [thread 5745] [8.0] [cxt 0] Deparser 'deparser': start
[19:44:39.584] [bmv2] [T] [thread 5745] [8.0] [cxt 0] Skipping checksum 'cksum' update because condition not met
[19:44:39.584] [bmv2] [D] [thread 5745] [8.0] [cxt 0] Deparsing header 'ethernet'
[19:44:39.584] [bmv2] [D] [thread 5745] [8.0] [cxt 0] Deparser 'deparser': end
[19:44:39.584] [bmv2] [D] [thread 5749] [8.0] [cxt 0] Transmitting packet of size 203 out of port 0
[19:44:39.683] [bmv2] [D] [thread 5744] [9.0] [cxt 0] Processing packet received on port 1
[19:44:39.683] [bmv2] [D] [thread 5744] [9.0] [cxt 0] Parser 'parser': start
[19:44:39.683] [bmv2] [D] [thread 5744] [9.0] [cxt 0] Parser 'parser' entering state 'start'
[19:44:39.683] [bmv2] [D] [thread 5744] [9.0] [cxt 0] Extracting header 'ethernet'
[19:44:39.683] [bmv2] [D] [thread 5744] [9.0] [cxt 0] Parser state 'start': key is 86dd
[19:44:39.683] [bmv2] [T] [thread 5744] [9.0] [cxt 0] Bytes parsed: 14
[19:44:39.683] [bmv2] [T] [thread 5744] [9.0] [cxt 0] Skipping checksum 'cksum_0' verification because target field invalid
[19:44:39.683] [bmv2] [D] [thread 5744] [9.0] [cxt 0] Parser 'parser': end
[19:44:39.683] [bmv2] [D] [thread 5744] [9.0] [cxt 0] Pipeline 'ingress': start
[19:44:39.683] [bmv2] [T] [thread 5744] [9.0] [cxt 0] int_sink.p4(95) Condition "standard_metadata.ingress_port==3" (node_2) is false
[19:44:39.683] [bmv2] [T] [thread 5744] [9.0] [cxt 0] int_sink.p4(106) Condition "hdr.ipv4.isValid()" (node_6) is false
[19:44:39.683] [bmv2] [D] [thread 5744] [9.0] [cxt 0] Pipeline 'ingress': end
[19:44:39.683] [bmv2] [D] [thread 5744] [9.0] [cxt 0] Egress port is 0
[19:44:39.683] [bmv2] [D] [thread 5745] [9.0] [cxt 0] Pipeline 'egress': start
[19:44:39.683] [bmv2] [T] [thread 5745] [9.0] [cxt 0] int_sink.p4(116) Condition "standard_metadata.ingress_port==3" (node_10) is false
[19:44:39.683] [bmv2] [D] [thread 5745] [9.0] [cxt 0] Pipeline 'egress': end
[19:44:39.683] [bmv2] [D] [thread 5745] [9.0] [cxt 0] Deparser 'deparser': start
[19:44:39.683] [bmv2] [T] [thread 5745] [9.0] [cxt 0] Skipping checksum 'cksum' update because condition not met
[19:44:39.683] [bmv2] [D] [thread 5745] [9.0] [cxt 0] Deparsing header 'ethernet'
[19:44:39.683] [bmv2] [D] [thread 5745] [9.0] [cxt 0] Deparser 'deparser': end
[19:44:39.683] [bmv2] [D] [thread 5749] [9.0] [cxt 0] Transmitting packet of size 202 out of port 0
[19:44:39.886] [bmv2] [D] [thread 5744] [10.0] [cxt 0] Processing packet received on port 1
[19:44:39.886] [bmv2] [D] [thread 5744] [10.0] [cxt 0] Parser 'parser': start
[19:44:39.886] [bmv2] [D] [thread 5744] [10.0] [cxt 0] Parser 'parser' entering state 'start'
[19:44:39.886] [bmv2] [D] [thread 5744] [10.0] [cxt 0] Extracting header 'ethernet'
[19:44:39.886] [bmv2] [D] [thread 5744] [10.0] [cxt 0] Parser state 'start': key is 86dd
[19:44:39.886] [bmv2] [T] [thread 5744] [10.0] [cxt 0] Bytes parsed: 14
[19:44:39.886] [bmv2] [T] [thread 5744] [10.0] [cxt 0] Skipping checksum 'cksum_0' verification because target field invalid
[19:44:39.886] [bmv2] [D] [thread 5744] [10.0] [cxt 0] Parser 'parser': end
[19:44:39.886] [bmv2] [D] [thread 5744] [10.0] [cxt 0] Pipeline 'ingress': start
[19:44:39.886] [bmv2] [T] [thread 5744] [10.0] [cxt 0] int_sink.p4(95) Condition "standard_metadata.ingress_port==3" (node_2) is false
[19:44:39.886] [bmv2] [T] [thread 5744] [10.0] [cxt 0] int_sink.p4(106) Condition "hdr.ipv4.isValid()" (node_6) is false
[19:44:39.886] [bmv2] [D] [thread 5744] [10.0] [cxt 0] Pipeline 'ingress': end
[19:44:39.886] [bmv2] [D] [thread 5744] [10.0] [cxt 0] Egress port is 0
[19:44:39.886] [bmv2] [D] [thread 5745] [10.0] [cxt 0] Pipeline 'egress': start
[19:44:39.886] [bmv2] [T] [thread 5745] [10.0] [cxt 0] int_sink.p4(116) Condition "standard_metadata.ingress_port==3" (node_10) is false
[19:44:39.886] [bmv2] [D] [thread 5745] [10.0] [cxt 0] Pipeline 'egress': end
[19:44:39.886] [bmv2] [D] [thread 5745] [10.0] [cxt 0] Deparser 'deparser': start
[19:44:39.886] [bmv2] [T] [thread 5745] [10.0] [cxt 0] Skipping checksum 'cksum' update because condition not met
[19:44:39.886] [bmv2] [D] [thread 5745] [10.0] [cxt 0] Deparsing header 'ethernet'
[19:44:39.886] [bmv2] [D] [thread 5745] [10.0] [cxt 0] Deparser 'deparser': end
[19:44:39.886] [bmv2] [D] [thread 5749] [10.0] [cxt 0] Transmitting packet of size 174 out of port 0
[19:44:39.928] [bmv2] [D] [thread 5744] [11.0] [cxt 0] Processing packet received on port 1
[19:44:39.928] [bmv2] [D] [thread 5744] [11.0] [cxt 0] Parser 'parser': start
[19:44:39.928] [bmv2] [D] [thread 5744] [11.0] [cxt 0] Parser 'parser' entering state 'start'
[19:44:39.928] [bmv2] [D] [thread 5744] [11.0] [cxt 0] Extracting header 'ethernet'
[19:44:39.928] [bmv2] [D] [thread 5744] [11.0] [cxt 0] Parser state 'start': key is 86dd
[19:44:39.928] [bmv2] [T] [thread 5744] [11.0] [cxt 0] Bytes parsed: 14
[19:44:39.928] [bmv2] [T] [thread 5744] [11.0] [cxt 0] Skipping checksum 'cksum_0' verification because target field invalid
[19:44:39.928] [bmv2] [D] [thread 5744] [11.0] [cxt 0] Parser 'parser': end
[19:44:39.928] [bmv2] [D] [thread 5744] [11.0] [cxt 0] Pipeline 'ingress': start
[19:44:39.928] [bmv2] [T] [thread 5744] [11.0] [cxt 0] int_sink.p4(95) Condition "standard_metadata.ingress_port==3" (node_2) is false
[19:44:39.928] [bmv2] [T] [thread 5744] [11.0] [cxt 0] int_sink.p4(106) Condition "hdr.ipv4.isValid()" (node_6) is false
[19:44:39.928] [bmv2] [D] [thread 5744] [11.0] [cxt 0] Pipeline 'ingress': end
[19:44:39.928] [bmv2] [D] [thread 5744] [11.0] [cxt 0] Egress port is 0
[19:44:39.928] [bmv2] [D] [thread 5744] [12.0] [cxt 0] Processing packet received on port 2
[19:44:39.928] [bmv2] [D] [thread 5744] [12.0] [cxt 0] Parser 'parser': start
[19:44:39.928] [bmv2] [D] [thread 5744] [12.0] [cxt 0] Parser 'parser' entering state 'start'
[19:44:39.928] [bmv2] [D] [thread 5744] [12.0] [cxt 0] Extracting header 'ethernet'
[19:44:39.928] [bmv2] [D] [thread 5744] [12.0] [cxt 0] Parser state 'start': key is 86dd
[19:44:39.928] [bmv2] [T] [thread 5744] [12.0] [cxt 0] Bytes parsed: 14
[19:44:39.928] [bmv2] [T] [thread 5744] [12.0] [cxt 0] Skipping checksum 'cksum_0' verification because target field invalid
[19:44:39.928] [bmv2] [D] [thread 5744] [12.0] [cxt 0] Parser 'parser': end
[19:44:39.928] [bmv2] [D] [thread 5744] [12.0] [cxt 0] Pipeline 'ingress': start
[19:44:39.928] [bmv2] [T] [thread 5744] [12.0] [cxt 0] int_sink.p4(95) Condition "standard_metadata.ingress_port==3" (node_2) is false
[19:44:39.928] [bmv2] [T] [thread 5744] [12.0] [cxt 0] int_sink.p4(106) Condition "hdr.ipv4.isValid()" (node_6) is false
[19:44:39.928] [bmv2] [D] [thread 5744] [12.0] [cxt 0] Pipeline 'ingress': end
[19:44:39.928] [bmv2] [D] [thread 5744] [12.0] [cxt 0] Egress port is 0
[19:44:39.928] [bmv2] [D] [thread 5745] [11.0] [cxt 0] Pipeline 'egress': start
[19:44:39.928] [bmv2] [T] [thread 5745] [11.0] [cxt 0] int_sink.p4(116) Condition "standard_metadata.ingress_port==3" (node_10) is false
[19:44:39.928] [bmv2] [D] [thread 5745] [11.0] [cxt 0] Pipeline 'egress': end
[19:44:39.928] [bmv2] [D] [thread 5745] [11.0] [cxt 0] Deparser 'deparser': start
[19:44:39.928] [bmv2] [T] [thread 5745] [11.0] [cxt 0] Skipping checksum 'cksum' update because condition not met
[19:44:39.928] [bmv2] [D] [thread 5745] [11.0] [cxt 0] Deparsing header 'ethernet'
[19:44:39.928] [bmv2] [D] [thread 5745] [11.0] [cxt 0] Deparser 'deparser': end
[19:44:39.928] [bmv2] [D] [thread 5745] [12.0] [cxt 0] Pipeline 'egress': start
[19:44:39.928] [bmv2] [T] [thread 5745] [12.0] [cxt 0] int_sink.p4(116) Condition "standard_metadata.ingress_port==3" (node_10) is false
[19:44:39.928] [bmv2] [D] [thread 5745] [12.0] [cxt 0] Pipeline 'egress': end
[19:44:39.928] [bmv2] [D] [thread 5745] [12.0] [cxt 0] Deparser 'deparser': start
[19:44:39.928] [bmv2] [T] [thread 5745] [12.0] [cxt 0] Skipping checksum 'cksum' update because condition not met
[19:44:39.928] [bmv2] [D] [thread 5745] [12.0] [cxt 0] Deparsing header 'ethernet'
[19:44:39.928] [bmv2] [D] [thread 5745] [12.0] [cxt 0] Deparser 'deparser': end
[19:44:39.928] [bmv2] [D] [thread 5749] [11.0] [cxt 0] Transmitting packet of size 203 out of port 0
[19:44:39.928] [bmv2] [D] [thread 5749] [12.0] [cxt 0] Transmitting packet of size 202 out of port 0
[19:44:41.042] [bmv2] [T] [thread 5781] bm_get_config
